<?xml version="1.0" encoding="UTF-8"?>
<coverage generated="1775283992357" clover="3.2.0">
  <project timestamp="1775283992357" name="All files">
    <metrics statements="526" coveredstatements="345" conditionals="530" coveredconditionals="306" methods="186" coveredmethods="90" elements="1242" coveredelements="741" complexity="0" loc="526" ncloc="526" packages="5" files="16" classes="16"/>
    <package name="Components">
      <metrics statements="71" coveredstatements="21" conditionals="68" coveredconditionals="15" methods="21" coveredmethods="2"/>
      <file name="ExcelUploader.css" path="/home/frandev/Documentos/Proyecto-Asignatura-Web/frontend/src/Components/ExcelUploader.css">
        <metrics statements="0" coveredstatements="0" conditionals="0" coveredconditionals="0" methods="0" coveredmethods="0"/>
      </file>
      <file name="ExcelUploader.jsx" path="/home/frandev/Documentos/Proyecto-Asignatura-Web/frontend/src/Components/ExcelUploader.jsx">
        <metrics statements="71" coveredstatements="21" conditionals="68" coveredconditionals="15" methods="21" coveredmethods="2"/>
        <line num="16" count="1" type="stmt"/>
        <line num="24" count="8" type="stmt"/>
        <line num="25" count="8" type="stmt"/>
        <line num="26" count="8" type="stmt"/>
        <line num="29" count="8" type="stmt"/>
        <line num="30" count="8" type="stmt"/>
        <line num="31" count="8" type="stmt"/>
        <line num="32" count="8" type="stmt"/>
        <line num="33" count="8" type="stmt"/>
        <line num="35" count="8" type="stmt"/>
        <line num="36" count="1" type="cond" truecount="1" falsecount="1"/>
        <line num="37" count="1" type="stmt"/>
        <line num="38" count="1" type="stmt"/>
        <line num="39" count="1" type="stmt"/>
        <line num="43" count="8" type="stmt"/>
        <line num="52" count="8" type="stmt"/>
        <line num="53" count="0" type="stmt"/>
        <line num="54" count="0" type="stmt"/>
        <line num="55" count="0" type="stmt"/>
        <line num="56" count="0" type="stmt"/>
        <line num="57" count="0" type="stmt"/>
        <line num="58" count="0" type="stmt"/>
        <line num="59" count="0" type="stmt"/>
        <line num="62" count="8" type="stmt"/>
        <line num="63" count="0" type="cond" truecount="0" falsecount="2"/>
        <line num="64" count="0" type="stmt"/>
        <line num="65" count="0" type="stmt"/>
        <line num="66" count="0" type="stmt"/>
        <line num="67" count="0" type="stmt"/>
        <line num="68" count="0" type="stmt"/>
        <line num="69" count="0" type="stmt"/>
        <line num="70" count="0" type="stmt"/>
        <line num="71" count="0" type="cond" truecount="0" falsecount="4"/>
        <line num="72" count="0" type="stmt"/>
        <line num="75" count="0" type="stmt"/>
        <line num="76" count="0" type="stmt"/>
        <line num="80" count="8" type="stmt"/>
        <line num="81" count="0" type="cond" truecount="0" falsecount="2"/>
        <line num="82" count="0" type="stmt"/>
        <line num="83" count="0" type="stmt"/>
        <line num="84" count="0" type="stmt"/>
        <line num="85" count="0" type="stmt"/>
        <line num="86" count="0" type="cond" truecount="0" falsecount="2"/>
        <line num="87" count="0" type="cond" truecount="0" falsecount="2"/>
        <line num="88" count="0" type="cond" truecount="0" falsecount="2"/>
        <line num="89" count="0" type="cond" truecount="0" falsecount="2"/>
        <line num="90" count="0" type="cond" truecount="0" falsecount="2"/>
        <line num="91" count="0" type="stmt"/>
        <line num="92" count="0" type="stmt"/>
        <line num="94" count="0" type="stmt"/>
        <line num="95" count="0" type="stmt"/>
        <line num="99" count="8" type="stmt"/>
        <line num="100" count="0" type="cond" truecount="0" falsecount="2"/>
        <line num="101" count="0" type="stmt"/>
        <line num="102" count="0" type="stmt"/>
        <line num="104" count="0" type="stmt"/>
        <line num="107" count="0" type="stmt"/>
        <line num="111" count="8" type="stmt"/>
        <line num="112" count="0" type="cond" truecount="0" falsecount="2"/>
        <line num="114" count="0" type="stmt"/>
        <line num="123" count="0" type="stmt"/>
        <line num="130" count="0" type="stmt"/>
        <line num="160" count="0" type="stmt"/>
        <line num="175" count="0" type="stmt"/>
        <line num="186" count="0" type="stmt"/>
        <line num="197" count="0" type="stmt"/>
        <line num="224" count="0" type="stmt"/>
        <line num="240" count="0" type="cond" truecount="0" falsecount="4"/>
        <line num="243" count="0" type="stmt"/>
        <line num="255" count="8" type="stmt"/>
        <line num="297" count="0" type="stmt"/>
      </file>
    </package>
    <package name="Components.kpi">
      <metrics statements="61" coveredstatements="51" conditionals="89" coveredconditionals="71" methods="26" coveredmethods="18"/>
      <file name="BarChartKpi.jsx" path="/home/frandev/Documentos/Proyecto-Asignatura-Web/frontend/src/Components/kpi/BarChartKpi.jsx">
        <metrics statements="14" coveredstatements="14" conditionals="41" coveredconditionals="31" methods="5" coveredmethods="3"/>
        <line num="3" count="1" type="stmt"/>
        <line num="22" count="9" type="stmt"/>
        <line num="23" count="9" type="stmt"/>
        <line num="27" count="9" type="stmt"/>
        <line num="28" count="9" type="cond" truecount="2" falsecount="0"/>
        <line num="29" count="5" type="stmt"/>
        <line num="30" count="26" type="cond" truecount="1" falsecount="1"/>
        <line num="31" count="26" type="stmt"/>
        <line num="34" count="5" type="stmt"/>
        <line num="36" count="9" type="cond" truecount="2" falsecount="0"/>
        <line num="37" count="9" type="cond" truecount="1" falsecount="1"/>
        <line num="38" count="9" type="cond" truecount="4" falsecount="0"/>
        <line num="41" count="9" type="cond" truecount="2" falsecount="0"/>
        <line num="43" count="9" type="stmt"/>
      </file>
      <file name="FilterBar.css" path="/home/frandev/Documentos/Proyecto-Asignatura-Web/frontend/src/Components/kpi/FilterBar.css">
        <metrics statements="0" coveredstatements="0" conditionals="0" coveredconditionals="0" methods="0" coveredmethods="0"/>
      </file>
      <file name="FilterBar.jsx" path="/home/frandev/Documentos/Proyecto-Asignatura-Web/frontend/src/Components/kpi/FilterBar.jsx">
        <metrics statements="18" coveredstatements="9" conditionals="8" coveredconditionals="7" methods="10" coveredmethods="4"/>
        <line num="4" count="5" type="stmt"/>
        <line num="5" count="1" type="stmt"/>
        <line num="8" count="5" type="stmt"/>
        <line num="9" count="0" type="stmt"/>
        <line num="10" count="0" type="stmt"/>
        <line num="11" count="0" type="stmt"/>
        <line num="14" count="5" type="stmt"/>
        <line num="15" count="30" type="cond" truecount="2" falsecount="0"/>
        <line num="16" count="30" type="cond" truecount="1" falsecount="1"/>
        <line num="17" count="30" type="stmt"/>
        <line num="22" count="1" type="stmt"/>
        <line num="28" count="0" type="stmt"/>
        <line num="33" count="0" type="stmt"/>
        <line num="36" count="0" type="stmt"/>
        <line num="41" count="0" type="stmt"/>
        <line num="49" count="5" type="stmt"/>
        <line num="58" count="0" type="stmt"/>
        <line num="68" count="0" type="stmt"/>
      </file>
      <file name="KpiCard.jsx" path="/home/frandev/Documentos/Proyecto-Asignatura-Web/frontend/src/Components/kpi/KpiCard.jsx">
        <metrics statements="9" coveredstatements="9" conditionals="21" coveredconditionals="18" methods="1" coveredmethods="1"/>
        <line num="2" count="11" type="stmt"/>
        <line num="10" count="11" type="stmt"/>
        <line num="18" count="11" type="stmt"/>
        <line num="26" count="11" type="stmt"/>
        <line num="33" count="11" type="stmt"/>
        <line num="38" count="11" type="stmt"/>
        <line num="47" count="11" type="stmt"/>
        <line num="53" count="11" type="stmt"/>
        <line num="59" count="11" type="stmt"/>
      </file>
      <file name="lineChartUtils.js" path="/home/frandev/Documentos/Proyecto-Asignatura-Web/frontend/src/Components/kpi/lineChartUtils.js">
        <metrics statements="20" coveredstatements="19" conditionals="19" coveredconditionals="15" methods="10" coveredmethods="10"/>
        <line num="1" count="1" type="stmt"/>
        <line num="2" count="4" type="cond" truecount="2" falsecount="0"/>
        <line num="3" count="1" type="cond" truecount="3" falsecount="1"/>
        <line num="4" count="0" type="stmt"/>
        <line num="8" count="5" type="cond" truecount="1" falsecount="1"/>
        <line num="9" count="2" type="cond" truecount="2" falsecount="0"/>
        <line num="11" count="10" type="cond" truecount="2" falsecount="0"/>
        <line num="13" count="2" type="stmt"/>
        <line num="14" count="2" type="cond" truecount="2" falsecount="0"/>
        <line num="17" count="2" type="stmt"/>
        <line num="18" count="2" type="stmt"/>
        <line num="19" count="2" type="cond" truecount="1" falsecount="1"/>
        <line num="20" count="5" type="stmt"/>
        <line num="22" count="2" type="stmt"/>
        <line num="25" count="2" type="stmt"/>
        <line num="26" count="5" type="stmt"/>
        <line num="27" count="5" type="stmt"/>
        <line num="28" count="5" type="cond" truecount="1" falsecount="1"/>
        <line num="30" count="5" type="stmt"/>
        <line num="33" count="2" type="stmt"/>
      </file>
    </package>
    <package name="api">
      <metrics statements="112" coveredstatements="43" conditionals="85" coveredconditionals="36" methods="36" coveredmethods="4"/>
      <file name="excel.js" path="/home/frandev/Documentos/Proyecto-Asignatura-Web/frontend/src/api/excel.js">
        <metrics statements="22" coveredstatements="1" conditionals="14" coveredconditionals="1" methods="6" coveredmethods="0"/>
        <line num="1" count="1" type="cond" truecount="1" falsecount="1"/>
        <line num="13" count="0" type="stmt"/>
        <line num="14" count="0" type="stmt"/>
        <line num="16" count="0" type="stmt"/>
        <line num="17" count="0" type="stmt"/>
        <line num="19" count="0" type="stmt"/>
        <line num="24" count="0" type="cond" truecount="0" falsecount="2"/>
        <line num="25" count="0" type="stmt"/>
        <line num="26" count="0" type="cond" truecount="0" falsecount="2"/>
        <line num="29" count="0" type="stmt"/>
        <line num="39" count="0" type="stmt"/>
        <line num="41" count="0" type="stmt"/>
        <line num="48" count="0" type="cond" truecount="0" falsecount="2"/>
        <line num="49" count="0" type="stmt"/>
        <line num="50" count="0" type="cond" truecount="0" falsecount="2"/>
        <line num="53" count="0" type="stmt"/>
        <line num="63" count="0" type="stmt"/>
        <line num="65" count="0" type="stmt"/>
        <line num="69" count="0" type="cond" truecount="0" falsecount="2"/>
        <line num="70" count="0" type="stmt"/>
        <line num="71" count="0" type="cond" truecount="0" falsecount="2"/>
        <line num="74" count="0" type="stmt"/>
      </file>
      <file name="kpi.js" path="/home/frandev/Documentos/Proyecto-Asignatura-Web/frontend/src/api/kpi.js">
        <metrics statements="90" coveredstatements="42" conditionals="71" coveredconditionals="35" methods="30" coveredmethods="4"/>
        <line num="1" count="1" type="cond" truecount="1" falsecount="1"/>
        <line num="11" count="7" type="cond" truecount="4" falsecount="0"/>
        <line num="12" count="1" type="stmt"/>
        <line num="14" count="6" type="cond" truecount="4" falsecount="0"/>
        <line num="15" count="3" type="stmt"/>
        <line num="17" count="3" type="cond" truecount="3" falsecount="1"/>
        <line num="18" count="3" type="stmt"/>
        <line num="19" count="3" type="cond" truecount="4" falsecount="0"/>
        <line num="20" count="2" type="stmt"/>
        <line num="23" count="1" type="cond" truecount="1" falsecount="1"/>
        <line num="24" count="1" type="stmt"/>
        <line num="25" count="1" type="cond" truecount="1" falsecount="1"/>
        <line num="26" count="0" type="stmt"/>
        <line num="31" count="1" type="cond" truecount="1" falsecount="1"/>
        <line num="32" count="0" type="stmt"/>
        <line num="33" count="0" type="cond" truecount="0" falsecount="2"/>
        <line num="34" count="0" type="stmt"/>
        <line num="37" count="1" type="stmt"/>
        <line num="46" count="0" type="stmt"/>
        <line num="47" count="0" type="stmt"/>
        <line num="48" count="0" type="cond" truecount="0" falsecount="5"/>
        <line num="51" count="0" type="cond" truecount="0" falsecount="2"/>
        <line num="52" count="0" type="cond" truecount="0" falsecount="3"/>
        <line num="53" count="0" type="cond" truecount="0" falsecount="2"/>
        <line num="54" count="0" type="stmt"/>
        <line num="57" count="0" type="stmt"/>
        <line num="61" count="0" type="stmt"/>
        <line num="62" count="0" type="cond" truecount="0" falsecount="2"/>
        <line num="72" count="0" type="stmt"/>
        <line num="73" count="0" type="stmt"/>
        <line num="75" count="0" type="stmt"/>
        <line num="77" count="0" type="cond" truecount="0" falsecount="2"/>
        <line num="78" count="0" type="stmt"/>
        <line num="79" count="0" type="cond" truecount="0" falsecount="2"/>
        <line num="82" count="0" type="stmt"/>
        <line num="93" count="2" type="stmt"/>
        <line num="94" count="2" type="stmt"/>
        <line num="96" count="2" type="cond" truecount="2" falsecount="0"/>
        <line num="97" count="1" type="stmt"/>
        <line num="98" count="1" type="cond" truecount="1" falsecount="1"/>
        <line num="101" count="1" type="stmt"/>
        <line num="106" count="0" type="stmt"/>
        <line num="111" count="0" type="stmt"/>
        <line num="116" count="0" type="stmt"/>
        <line num="121" count="0" type="stmt"/>
        <line num="126" count="0" type="stmt"/>
        <line num="131" count="0" type="stmt"/>
        <line num="136" count="0" type="stmt"/>
        <line num="141" count="0" type="stmt"/>
        <line num="146" count="0" type="stmt"/>
        <line num="151" count="0" type="stmt"/>
        <line num="156" count="0" type="stmt"/>
        <line num="161" count="0" type="stmt"/>
        <line num="166" count="0" type="stmt"/>
        <line num="171" count="0" type="stmt"/>
        <line num="183" count="10" type="cond" truecount="3" falsecount="1"/>
        <line num="184" count="0" type="stmt"/>
        <line num="187" count="10" type="stmt"/>
        <line num="205" count="10" type="stmt"/>
        <line num="207" count="10" type="stmt"/>
        <line num="208" count="49" type="cond" truecount="2" falsecount="0"/>
        <line num="209" count="46" type="stmt"/>
        <line num="210" count="46" type="cond" truecount="2" falsecount="0"/>
        <line num="211" count="6" type="stmt"/>
        <line num="213" count="40" type="stmt"/>
        <line num="215" count="3" type="cond" truecount="1" falsecount="1"/>
        <line num="216" count="3" type="cond" truecount="2" falsecount="0"/>
        <line num="217" count="1" type="stmt"/>
        <line num="219" count="2" type="stmt"/>
        <line num="222" count="0" type="stmt"/>
        <line num="226" count="10" type="stmt"/>
        <line num="236" count="11" type="stmt"/>
        <line num="237" count="11" type="stmt"/>
        <line num="239" count="11" type="stmt"/>
        <line num="244" count="11" type="cond" truecount="2" falsecount="0"/>
        <line num="245" count="1" type="stmt"/>
        <line num="246" count="1" type="cond" truecount="1" falsecount="1"/>
        <line num="249" count="10" type="stmt"/>
        <line num="250" count="10" type="stmt"/>
        <line num="263" count="0" type="stmt"/>
        <line num="280" count="0" type="stmt"/>
        <line num="282" count="0" type="stmt"/>
        <line num="285" count="0" type="stmt"/>
        <line num="288" count="0" type="stmt"/>
        <line num="289" count="0" type="stmt"/>
        <line num="290" count="0" type="stmt"/>
        <line num="291" count="0" type="cond" truecount="0" falsecount="2"/>
        <line num="292" count="0" type="stmt"/>
        <line num="294" count="0" type="cond" truecount="0" falsecount="2"/>
        <line num="298" count="0" type="stmt"/>
      </file>
    </package>
    <package name="utils">
      <metrics statements="119" coveredstatements="118" conditionals="102" coveredconditionals="76" methods="35" coveredmethods="35"/>
      <file name="excelParser.js" path="/home/frandev/Documentos/Proyecto-Asignatura-Web/frontend/src/utils/excelParser.js">
        <metrics statements="28" coveredstatements="27" conditionals="26" coveredconditionals="24" methods="6" coveredmethods="6"/>
        <line num="6" count="1" type="stmt"/>
        <line num="14" count="1" type="stmt"/>
        <line num="26" count="270" type="cond" truecount="2" falsecount="0"/>
        <line num="33" count="1" type="stmt"/>
        <line num="34" count="9" type="cond" truecount="4" falsecount="0"/>
        <line num="37" count="6" type="cond" truecount="4" falsecount="0"/>
        <line num="38" count="1" type="stmt"/>
        <line num="42" count="5" type="cond" truecount="2" falsecount="0"/>
        <line num="43" count="2" type="stmt"/>
        <line num="44" count="2" type="cond" truecount="1" falsecount="1"/>
        <line num="45" count="2" type="stmt"/>
        <line num="47" count="0" type="stmt"/>
        <line num="51" count="3" type="cond" truecount="1" falsecount="1"/>
        <line num="52" count="3" type="stmt"/>
        <line num="53" count="3" type="cond" truecount="2" falsecount="0"/>
        <line num="54" count="2" type="stmt"/>
        <line num="58" count="1" type="stmt"/>
        <line num="67" count="1" type="stmt"/>
        <line num="68" count="6" type="stmt"/>
        <line num="69" count="6" type="cond" truecount="2" falsecount="0"/>
        <line num="71" count="5" type="stmt"/>
        <line num="72" count="19" type="cond" truecount="4" falsecount="0"/>
        <line num="74" count="36" type="stmt"/>
        <line num="76" count="5" type="stmt"/>
        <line num="77" count="225" type="stmt"/>
        <line num="80" count="5" type="cond" truecount="2" falsecount="0"/>
        <line num="81" count="3" type="stmt"/>
        <line num="84" count="16" type="stmt"/>
      </file>
      <file name="kpiCalculations.js" path="/home/frandev/Documentos/Proyecto-Asignatura-Web/frontend/src/utils/kpiCalculations.js">
        <metrics statements="91" coveredstatements="91" conditionals="76" coveredconditionals="52" methods="29" coveredmethods="29"/>
        <line num="20" count="2" type="stmt"/>
        <line num="21" count="5" type="stmt"/>
        <line num="22" count="5" type="cond" truecount="1" falsecount="1"/>
        <line num="33" count="2" type="stmt"/>
        <line num="34" count="2" type="stmt"/>
        <line num="35" count="5" type="cond" truecount="1" falsecount="1"/>
        <line num="36" count="5" type="cond" truecount="2" falsecount="0"/>
        <line num="38" count="2" type="stmt"/>
        <line num="39" count="2" type="stmt"/>
        <line num="40" count="1" type="stmt"/>
        <line num="52" count="3" type="stmt"/>
        <line num="53" count="3" type="stmt"/>
        <line num="54" count="6" type="cond" truecount="1" falsecount="1"/>
        <line num="55" count="6" type="cond" truecount="2" falsecount="0"/>
        <line num="56" count="6" type="cond" truecount="2" falsecount="0"/>
        <line num="57" count="6" type="cond" truecount="2" falsecount="0"/>
        <line num="58" count="6" type="stmt"/>
        <line num="59" count="6" type="stmt"/>
        <line num="61" count="3" type="stmt"/>
        <line num="74" count="2" type="stmt"/>
        <line num="75" count="2" type="stmt"/>
        <line num="76" count="5" type="cond" truecount="1" falsecount="1"/>
        <line num="77" count="5" type="cond" truecount="1" falsecount="1"/>
        <line num="78" count="5" type="cond" truecount="1" falsecount="1"/>
        <line num="79" count="5" type="cond" truecount="2" falsecount="0"/>
        <line num="80" count="5" type="stmt"/>
        <line num="81" count="5" type="stmt"/>
        <line num="83" count="2" type="stmt"/>
        <line num="84" count="2" type="stmt"/>
        <line num="88" count="1" type="stmt"/>
        <line num="98" count="2" type="stmt"/>
        <line num="99" count="2" type="stmt"/>
        <line num="100" count="5" type="cond" truecount="1" falsecount="1"/>
        <line num="101" count="5" type="cond" truecount="1" falsecount="1"/>
        <line num="102" count="5" type="cond" truecount="2" falsecount="0"/>
        <line num="104" count="2" type="stmt"/>
        <line num="105" count="2" type="stmt"/>
        <line num="106" count="1" type="stmt"/>
        <line num="117" count="2" type="stmt"/>
        <line num="118" count="2" type="stmt"/>
        <line num="119" count="5" type="cond" truecount="1" falsecount="1"/>
        <line num="120" count="5" type="cond" truecount="1" falsecount="1"/>
        <line num="121" count="5" type="cond" truecount="1" falsecount="1"/>
        <line num="122" count="5" type="cond" truecount="2" falsecount="0"/>
        <line num="123" count="5" type="stmt"/>
        <line num="124" count="5" type="stmt"/>
        <line num="126" count="2" type="stmt"/>
        <line num="127" count="2" type="stmt"/>
        <line num="128" count="2" type="stmt"/>
        <line num="145" count="2" type="stmt"/>
        <line num="155" count="2" type="stmt"/>
        <line num="156" count="2" type="stmt"/>
        <line num="157" count="5" type="cond" truecount="1" falsecount="1"/>
        <line num="158" count="5" type="cond" truecount="1" falsecount="1"/>
        <line num="159" count="5" type="cond" truecount="1" falsecount="1"/>
        <line num="160" count="5" type="cond" truecount="2" falsecount="0"/>
        <line num="161" count="5" type="stmt"/>
        <line num="162" count="5" type="stmt"/>
        <line num="164" count="2" type="stmt"/>
        <line num="177" count="2" type="stmt"/>
        <line num="178" count="2" type="stmt"/>
        <line num="179" count="5" type="cond" truecount="1" falsecount="1"/>
        <line num="180" count="5" type="cond" truecount="1" falsecount="1"/>
        <line num="181" count="5" type="cond" truecount="1" falsecount="1"/>
        <line num="182" count="5" type="cond" truecount="2" falsecount="0"/>
        <line num="183" count="5" type="stmt"/>
        <line num="184" count="5" type="stmt"/>
        <line num="186" count="2" type="stmt"/>
        <line num="201" count="2" type="stmt"/>
        <line num="202" count="2" type="stmt"/>
        <line num="213" count="2" type="stmt"/>
        <line num="224" count="2" type="stmt"/>
        <line num="234" count="2" type="stmt"/>
        <line num="244" count="2" type="stmt"/>
        <line num="245" count="2" type="stmt"/>
        <line num="246" count="5" type="cond" truecount="1" falsecount="1"/>
        <line num="247" count="5" type="cond" truecount="1" falsecount="1"/>
        <line num="248" count="5" type="cond" truecount="2" falsecount="0"/>
        <line num="250" count="2" type="stmt"/>
        <line num="251" count="2" type="stmt"/>
        <line num="252" count="1" type="stmt"/>
        <line num="263" count="2" type="stmt"/>
        <line num="274" count="3" type="stmt"/>
        <line num="275" count="3" type="stmt"/>
        <line num="276" count="3" type="stmt"/>
        <line num="277" count="6" type="cond" truecount="1" falsecount="1"/>
        <line num="278" count="6" type="cond" truecount="2" falsecount="0"/>
        <line num="279" count="6" type="cond" truecount="2" falsecount="0"/>
        <line num="280" count="5" type="stmt"/>
        <line num="281" count="5" type="stmt"/>
        <line num="284" count="3" type="cond" truecount="2" falsecount="0"/>
      </file>
    </package>
    <package name="views">
      <metrics statements="163" coveredstatements="112" conditionals="186" coveredconditionals="108" methods="68" coveredmethods="31"/>
      <file name="DashboardView.css" path="/home/frandev/Documentos/Proyecto-Asignatura-Web/frontend/src/views/DashboardView.css">
        <metrics statements="0" coveredstatements="0" conditionals="0" coveredconditionals="0" methods="0" coveredmethods="0"/>
      </file>
      <file name="DashboardView.jsx" path="/home/frandev/Documentos/Proyecto-Asignatura-Web/frontend/src/views/DashboardView.jsx">
        <metrics statements="140" coveredstatements="89" conditionals="156" coveredconditionals="78" methods="63" coveredmethods="26"/>
        <line num="22" count="0" type="cond" truecount="0" falsecount="4"/>
        <line num="23" count="0" type="stmt"/>
        <line num="41" count="0" type="stmt"/>
        <line num="64" count="26" type="cond" truecount="2" falsecount="2"/>
        <line num="65" count="0" type="cond" truecount="0" falsecount="2"/>
        <line num="76" count="26" type="cond" truecount="2" falsecount="2"/>
        <line num="77" count="0" type="cond" truecount="0" falsecount="2"/>
        <line num="78" count="26" type="stmt"/>
        <line num="79" count="0" type="stmt"/>
        <line num="83" count="0" type="stmt"/>
        <line num="92" count="26" type="cond" truecount="2" falsecount="2"/>
        <line num="93" count="0" type="cond" truecount="0" falsecount="2"/>
        <line num="94" count="26" type="stmt"/>
        <line num="105" count="26" type="cond" truecount="2" falsecount="2"/>
        <line num="106" count="0" type="cond" truecount="0" falsecount="2"/>
        <line num="107" count="26" type="stmt"/>
        <line num="118" count="26" type="cond" truecount="2" falsecount="2"/>
        <line num="119" count="0" type="cond" truecount="0" falsecount="2"/>
        <line num="120" count="26" type="stmt"/>
        <line num="131" count="26" type="cond" truecount="2" falsecount="2"/>
        <line num="132" count="0" type="cond" truecount="0" falsecount="2"/>
        <line num="143" count="26" type="cond" truecount="4" falsecount="0"/>
        <line num="144" count="1" type="cond" truecount="2" falsecount="0"/>
        <line num="155" count="26" type="cond" truecount="4" falsecount="0"/>
        <line num="156" count="1" type="cond" truecount="2" falsecount="0"/>
        <line num="167" count="26" type="cond" truecount="2" falsecount="2"/>
        <line num="168" count="0" type="cond" truecount="0" falsecount="2"/>
        <line num="179" count="26" type="cond" truecount="4" falsecount="0"/>
        <line num="180" count="5" type="cond" truecount="2" falsecount="0"/>
        <line num="191" count="26" type="cond" truecount="2" falsecount="2"/>
        <line num="192" count="0" type="cond" truecount="0" falsecount="2"/>
        <line num="203" count="26" type="cond" truecount="2" falsecount="2"/>
        <line num="204" count="0" type="cond" truecount="0" falsecount="2"/>
        <line num="216" count="26" type="cond" truecount="2" falsecount="2"/>
        <line num="217" count="0" type="cond" truecount="0" falsecount="2"/>
        <line num="223" count="1" type="stmt"/>
        <line num="224" count="1" type="stmt"/>
        <line num="225" count="1" type="stmt"/>
        <line num="226" count="1" type="stmt"/>
        <line num="227" count="1" type="stmt"/>
        <line num="228" count="1" type="stmt"/>
        <line num="229" count="1" type="stmt"/>
        <line num="230" count="0" type="cond" truecount="0" falsecount="2"/>
        <line num="231" count="0" type="cond" truecount="0" falsecount="2"/>
        <line num="234" count="1" type="stmt"/>
        <line num="235" count="0" type="cond" truecount="0" falsecount="2"/>
        <line num="236" count="0" type="stmt"/>
        <line num="237" count="0" type="cond" truecount="0" falsecount="2"/>
        <line num="238" count="0" type="stmt"/>
        <line num="241" count="0" type="stmt"/>
        <line num="247" count="1" type="stmt"/>
        <line num="248" count="52" type="cond" truecount="1" falsecount="1"/>
        <line num="250" count="0" type="stmt"/>
        <line num="252" count="0" type="stmt"/>
        <line num="253" count="0" type="stmt"/>
        <line num="259" count="0" type="stmt"/>
        <line num="260" count="0" type="stmt"/>
        <line num="267" count="26" type="cond" truecount="2" falsecount="0"/>
        <line num="268" count="26" type="stmt"/>
        <line num="270" count="26" type="stmt"/>
        <line num="280" count="26" type="stmt"/>
        <line num="281" count="26" type="stmt"/>
        <line num="282" count="26" type="stmt"/>
        <line num="283" count="26" type="stmt"/>
        <line num="285" count="26" type="cond" truecount="1" falsecount="0"/>
        <line num="286" count="11" type="stmt"/>
        <line num="287" count="11" type="stmt"/>
        <line num="289" count="11" type="stmt"/>
        <line num="290" count="11" type="cond" truecount="1" falsecount="1"/>
        <line num="291" count="11" type="stmt"/>
        <line num="292" count="11" type="stmt"/>
        <line num="294" count="0" type="stmt"/>
        <line num="295" count="0" type="stmt"/>
        <line num="298" count="0" type="cond" truecount="0" falsecount="2"/>
        <line num="300" count="11" type="stmt"/>
        <line num="304" count="26" type="stmt"/>
        <line num="305" count="12" type="cond" truecount="2" falsecount="0"/>
        <line num="306" count="11" type="stmt"/>
        <line num="311" count="26" type="stmt"/>
        <line num="312" count="12" type="cond" truecount="2" falsecount="0"/>
        <line num="314" count="11" type="stmt"/>
        <line num="315" count="11" type="stmt"/>
        <line num="316" count="11" type="stmt"/>
        <line num="317" count="0" type="stmt"/>
        <line num="319" count="11" type="stmt"/>
        <line num="323" count="11" type="stmt"/>
        <line num="327" count="26" type="stmt"/>
        <line num="328" count="12" type="cond" truecount="2" falsecount="0"/>
        <line num="330" count="1" type="stmt"/>
        <line num="331" count="1" type="stmt"/>
        <line num="332" count="1" type="stmt"/>
        <line num="333" count="1" type="stmt"/>
        <line num="334" count="1" type="stmt"/>
        <line num="335" count="1" type="stmt"/>
        <line num="336" count="1" type="cond" truecount="1" falsecount="1"/>
        <line num="337" count="0" type="stmt"/>
        <line num="340" count="0" type="cond" truecount="0" falsecount="2"/>
        <line num="342" count="1" type="stmt"/>
        <line num="346" count="1" type="stmt"/>
        <line num="349" count="26" type="stmt"/>
        <line num="350" count="0" type="stmt"/>
        <line num="353" count="26" type="stmt"/>
        <line num="354" count="0" type="stmt"/>
        <line num="357" count="26" type="stmt"/>
        <line num="358" count="0" type="stmt"/>
        <line num="367" count="0" type="stmt"/>
        <line num="368" count="0" type="cond" truecount="0" falsecount="2"/>
        <line num="369" count="0" type="stmt"/>
        <line num="373" count="26" type="stmt"/>
        <line num="374" count="0" type="stmt"/>
        <line num="378" count="26" type="stmt"/>
        <line num="379" count="26" type="stmt"/>
        <line num="380" count="26" type="stmt"/>
        <line num="381" count="26" type="stmt"/>
        <line num="382" count="26" type="stmt"/>
        <line num="383" count="26" type="stmt"/>
        <line num="384" count="26" type="stmt"/>
        <line num="385" count="26" type="stmt"/>
        <line num="386" count="26" type="stmt"/>
        <line num="387" count="26" type="stmt"/>
        <line num="388" count="26" type="stmt"/>
        <line num="389" count="26" type="stmt"/>
        <line num="390" count="26" type="stmt"/>
        <line num="391" count="26" type="stmt"/>
        <line num="392" count="26" type="stmt"/>
        <line num="393" count="26" type="stmt"/>
        <line num="395" count="364" type="cond" truecount="3" falsecount="0"/>
        <line num="397" count="26" type="stmt"/>
        <line num="398" count="26" type="stmt"/>
        <line num="446" count="0" type="stmt"/>
        <line num="460" count="0" type="stmt"/>
        <line num="478" count="0" type="stmt"/>
        <line num="480" count="0" type="stmt"/>
        <line num="538" count="0" type="stmt"/>
        <line num="556" count="0" type="stmt"/>
        <line num="572" count="0" type="stmt"/>
        <line num="574" count="0" type="stmt"/>
        <line num="589" count="0" type="stmt"/>
        <line num="591" count="0" type="stmt"/>
        <line num="635" count="0" type="stmt"/>
      </file>
      <file name="LoginView.css" path="/home/frandev/Documentos/Proyecto-Asignatura-Web/frontend/src/views/LoginView.css">
        <metrics statements="0" coveredstatements="0" conditionals="0" coveredconditionals="0" methods="0" coveredmethods="0"/>
      </file>
      <file name="LoginView.jsx" path="/home/frandev/Documentos/Proyecto-Asignatura-Web/frontend/src/views/LoginView.jsx">
        <metrics statements="14" coveredstatements="14" conditionals="8" coveredconditionals="8" methods="4" coveredmethods="4"/>
        <line num="6" count="26" type="stmt"/>
        <line num="7" count="26" type="stmt"/>
        <line num="8" count="26" type="stmt"/>
        <line num="10" count="26" type="stmt"/>
        <line num="11" count="9" type="stmt"/>
        <line num="13" count="9" type="cond" truecount="4" falsecount="0"/>
        <line num="14" count="3" type="stmt"/>
        <line num="15" count="3" type="stmt"/>
        <line num="18" count="6" type="cond" truecount="2" falsecount="0"/>
        <line num="20" count="9" type="stmt"/>
        <line num="25" count="9" type="stmt"/>
        <line num="28" count="26" type="stmt"/>
        <line num="45" count="7" type="stmt"/>
        <line num="56" count="7" type="stmt"/>
      </file>
      <file name="dashboardMetricUtils.js" path="/home/frandev/Documentos/Proyecto-Asignatura-Web/frontend/src/views/dashboardMetricUtils.js">
        <metrics statements="9" coveredstatements="9" conditionals="22" coveredconditionals="22" methods="1" coveredmethods="1"/>
        <line num="2" count="32" type="cond" truecount="4" falsecount="0"/>
        <line num="4" count="31" type="cond" truecount="4" falsecount="0"/>
        <line num="5" count="3" type="stmt"/>
        <line num="6" count="3" type="cond" truecount="4" falsecount="0"/>
        <line num="7" count="2" type="cond" truecount="5" falsecount="0"/>
        <line num="8" count="1" type="stmt"/>
        <line num="12" count="29" type="cond" truecount="5" falsecount="0"/>
        <line num="13" count="1" type="stmt"/>
        <line num="16" count="28" type="stmt"/>
      </file>
    </package>
  </project>
</coverage>
