{"/home/frandev/Documentos/Proyecto-Asignatura-Web/frontend/src/Components/ExcelUploader.css": {"path":"/home/frandev/Documentos/Proyecto-Asignatura-Web/frontend/src/Components/ExcelUploader.css","statementMap":{},"fnMap":{},"branchMap":{},"s":{},"f":{},"b":{},"meta":{"lastBranch":0,"lastFunction":0,"lastStatement":0,"seen":{}}}
,"/home/frandev/Documentos/Proyecto-Asignatura-Web/frontend/src/Components/ExcelUploader.jsx": {"path":"/home/frandev/Documentos/Proyecto-Asignatura-Web/frontend/src/Components/ExcelUploader.jsx","statementMap":{"0":{"start":{"line":16,"column":25},"end":{"line":21,"column":null}},"1":{"start":{"line":24,"column":39},"end":{"line":24,"column":null}},"2":{"start":{"line":25,"column":20},"end":{"line":25,"column":null}},"3":{"start":{"line":26,"column":31},"end":{"line":26,"column":null}},"4":{"start":{"line":29,"column":37},"end":{"line":29,"column":null}},"5":{"start":{"line":30,"column":33},"end":{"line":30,"column":null}},"6":{"start":{"line":31,"column":39},"end":{"line":31,"column":null}},"7":{"start":{"line":32,"column":31},"end":{"line":32,"column":null}},"8":{"start":{"line":33,"column":37},"end":{"line":33,"column":null}},"9":{"start":{"line":35,"column":8},"end":{"line":41,"column":null}},"10":{"start":{"line":36,"column":4},"end":{"line":40,"column":null}},"11":{"start":{"line":37,"column":6},"end":{"line":37,"column":null}},"12":{"start":{"line":38,"column":6},"end":{"line":38,"column":null}},"13":{"start":{"line":39,"column":6},"end":{"line":39,"column":null}},"14":{"start":{"line":43,"column":53},"end":{"line":50,"column":null}},"15":{"start":{"line":52,"column":24},"end":{"line":60,"column":null}},"16":{"start":{"line":53,"column":4},"end":{"line":53,"column":null}},"17":{"start":{"line":54,"column":4},"end":{"line":54,"column":null}},"18":{"start":{"line":55,"column":4},"end":{"line":55,"column":null}},"19":{"start":{"line":56,"column":4},"end":{"line":56,"column":null}},"20":{"start":{"line":57,"column":4},"end":{"line":57,"column":null}},"21":{"start":{"line":58,"column":4},"end":{"line":58,"column":null}},"22":{"start":{"line":59,"column":4},"end":{"line":59,"column":null}},"23":{"start":{"line":62,"column":24},"end":{"line":78,"column":null}},"24":{"start":{"line":63,"column":4},"end":{"line":63,"column":null}},"25":{"start":{"line":63,"column":23},"end":{"line":63,"column":null}},"26":{"start":{"line":64,"column":4},"end":{"line":64,"column":null}},"27":{"start":{"line":65,"column":4},"end":{"line":65,"column":null}},"28":{"start":{"line":66,"column":4},"end":{"line":77,"column":null}},"29":{"start":{"line":67,"column":21},"end":{"line":67,"column":null}},"30":{"start":{"line":68,"column":6},"end":{"line":68,"column":null}},"31":{"start":{"line":69,"column":6},"end":{"line":69,"column":null}},"32":{"start":{"line":70,"column":6},"end":{"line":70,"column":null}},"33":{"start":{"line":71,"column":6},"end":{"line":73,"column":null}},"34":{"start":{"line":72,"column":8},"end":{"line":72,"column":null}},"35":{"start":{"line":75,"column":6},"end":{"line":75,"column":null}},"36":{"start":{"line":76,"column":6},"end":{"line":76,"column":null}},"37":{"start":{"line":80,"column":24},"end":{"line":97,"column":null}},"38":{"start":{"line":81,"column":4},"end":{"line":81,"column":null}},"39":{"start":{"line":81,"column":20},"end":{"line":81,"column":null}},"40":{"start":{"line":82,"column":4},"end":{"line":82,"column":null}},"41":{"start":{"line":83,"column":4},"end":{"line":83,"column":null}},"42":{"start":{"line":84,"column":4},"end":{"line":96,"column":null}},"43":{"start":{"line":85,"column":6},"end":{"line":85,"column":null}},"44":{"start":{"line":86,"column":20},"end":{"line":86,"column":null}},"45":{"start":{"line":87,"column":20},"end":{"line":87,"column":null}},"46":{"start":{"line":87,"column":45},"end":{"line":87,"column":67}},"47":{"start":{"line":88,"column":23},"end":{"line":88,"column":null}},"48":{"start":{"line":88,"column":48},"end":{"line":88,"column":68}},"49":{"start":{"line":89,"column":28},"end":{"line":89,"column":null}},"50":{"start":{"line":89,"column":53},"end":{"line":89,"column":78}},"51":{"start":{"line":90,"column":29},"end":{"line":90,"column":null}},"52":{"start":{"line":90,"column":54},"end":{"line":90,"column":80}},"53":{"start":{"line":91,"column":6},"end":{"line":91,"column":null}},"54":{"start":{"line":92,"column":6},"end":{"line":92,"column":null}},"55":{"start":{"line":94,"column":6},"end":{"line":94,"column":null}},"56":{"start":{"line":95,"column":6},"end":{"line":95,"column":null}},"57":{"start":{"line":99,"column":23},"end":{"line":108,"column":null}},"58":{"start":{"line":100,"column":4},"end":{"line":106,"column":null}},"59":{"start":{"line":101,"column":6},"end":{"line":105,"column":null}},"60":{"start":{"line":102,"column":8},"end":{"line":102,"column":null}},"61":{"start":{"line":104,"column":8},"end":{"line":104,"column":null}},"62":{"start":{"line":107,"column":4},"end":{"line":107,"column":null}},"63":{"start":{"line":111,"column":29},"end":{"line":157,"column":null}},"64":{"start":{"line":112,"column":4},"end":{"line":112,"column":null}},"65":{"start":{"line":112,"column":23},"end":{"line":112,"column":null}},"66":{"start":{"line":114,"column":18},"end":{"line":121,"column":null}},"67":{"start":{"line":114,"column":75},"end":{"line":121,"column":null}},"68":{"start":{"line":123,"column":4},"end":{"line":131,"column":27}},"69":{"start":{"line":130,"column":28},"end":{"line":131,"column":27}},"70":{"start":{"line":160,"column":27},"end":{"line":167,"column":null}},"71":{"start":{"line":175,"column":31},"end":{"line":180,"column":null}},"72":{"start":{"line":186,"column":32},"end":{"line":190,"column":null}},"73":{"start":{"line":197,"column":29},"end":{"line":217,"column":null}},"74":{"start":{"line":224,"column":34},"end":{"line":248,"column":null}},"75":{"start":{"line":240,"column":86},"end":{"line":240,"column":108}},"76":{"start":{"line":243,"column":80},"end":{"line":243,"column":115}},"77":{"start":{"line":255,"column":2},"end":{"line":316,"column":null}},"78":{"start":{"line":297,"column":64},"end":{"line":297,"column":85}},"79":{"start":{"line":297,"column":85},"end":{"line":297,"column":102}}},"fnMap":{"0":{"name":"ExcelUploader","decl":{"start":{"line":23,"column":24},"end":{"line":23,"column":38}},"loc":{"start":{"line":23,"column":61},"end":{"line":325,"column":null}},"line":23},"1":{"name":"(anonymous_1)","decl":{"start":{"line":35,"column":29},"end":{"line":35,"column":30}},"loc":{"start":{"line":35,"column":30},"end":{"line":41,"column":5}},"line":35},"2":{"name":"(anonymous_2)","decl":{"start":{"line":52,"column":24},"end":{"line":52,"column":null}},"loc":{"start":{"line":52,"column":24},"end":{"line":60,"column":null}},"line":52},"3":{"name":"(anonymous_3)","decl":{"start":{"line":62,"column":24},"end":{"line":62,"column":null}},"loc":{"start":{"line":62,"column":24},"end":{"line":78,"column":null}},"line":62},"4":{"name":"(anonymous_4)","decl":{"start":{"line":80,"column":24},"end":{"line":80,"column":null}},"loc":{"start":{"line":80,"column":24},"end":{"line":97,"column":null}},"line":80},"5":{"name":"(anonymous_5)","decl":{"start":{"line":87,"column":33},"end":{"line":87,"column":34}},"loc":{"start":{"line":87,"column":45},"end":{"line":87,"column":67}},"line":87},"6":{"name":"(anonymous_6)","decl":{"start":{"line":88,"column":36},"end":{"line":88,"column":37}},"loc":{"start":{"line":88,"column":48},"end":{"line":88,"column":68}},"line":88},"7":{"name":"(anonymous_7)","decl":{"start":{"line":89,"column":41},"end":{"line":89,"column":42}},"loc":{"start":{"line":89,"column":53},"end":{"line":89,"column":78}},"line":89},"8":{"name":"(anonymous_8)","decl":{"start":{"line":90,"column":42},"end":{"line":90,"column":43}},"loc":{"start":{"line":90,"column":54},"end":{"line":90,"column":80}},"line":90},"9":{"name":"(anonymous_9)","decl":{"start":{"line":99,"column":23},"end":{"line":99,"column":null}},"loc":{"start":{"line":99,"column":23},"end":{"line":108,"column":null}},"line":99},"10":{"name":"(anonymous_10)","decl":{"start":{"line":111,"column":29},"end":{"line":111,"column":null}},"loc":{"start":{"line":111,"column":29},"end":{"line":157,"column":null}},"line":111},"11":{"name":"(anonymous_11)","decl":{"start":{"line":114,"column":51},"end":{"line":114,"column":52}},"loc":{"start":{"line":114,"column":75},"end":{"line":121,"column":null}},"line":114},"12":{"name":"(anonymous_12)","decl":{"start":{"line":130,"column":21},"end":{"line":130,"column":22}},"loc":{"start":{"line":130,"column":28},"end":{"line":131,"column":27}},"line":130},"13":{"name":"(anonymous_13)","decl":{"start":{"line":160,"column":27},"end":{"line":160,"column":null}},"loc":{"start":{"line":160,"column":27},"end":{"line":167,"column":null}},"line":160},"14":{"name":"(anonymous_14)","decl":{"start":{"line":175,"column":31},"end":{"line":175,"column":null}},"loc":{"start":{"line":175,"column":31},"end":{"line":180,"column":null}},"line":175},"15":{"name":"(anonymous_15)","decl":{"start":{"line":186,"column":32},"end":{"line":186,"column":null}},"loc":{"start":{"line":186,"column":32},"end":{"line":190,"column":null}},"line":186},"16":{"name":"(anonymous_16)","decl":{"start":{"line":197,"column":29},"end":{"line":197,"column":null}},"loc":{"start":{"line":197,"column":29},"end":{"line":217,"column":null}},"line":197},"17":{"name":"(anonymous_17)","decl":{"start":{"line":224,"column":34},"end":{"line":224,"column":null}},"loc":{"start":{"line":224,"column":34},"end":{"line":248,"column":null}},"line":224},"18":{"name":"(anonymous_18)","decl":{"start":{"line":240,"column":74},"end":{"line":240,"column":75}},"loc":{"start":{"line":240,"column":86},"end":{"line":240,"column":108}},"line":240},"19":{"name":"(anonymous_19)","decl":{"start":{"line":243,"column":74},"end":{"line":243,"column":80}},"loc":{"start":{"line":243,"column":80},"end":{"line":243,"column":115}},"line":243},"20":{"name":"(anonymous_20)","decl":{"start":{"line":297,"column":55},"end":{"line":297,"column":56}},"loc":{"start":{"line":297,"column":56},"end":{"line":297,"column":null}},"line":297}},"branchMap":{"0":{"loc":{"start":{"line":36,"column":4},"end":{"line":40,"column":null}},"type":"if","locations":[{"start":{"line":36,"column":4},"end":{"line":40,"column":null}},{"start":{},"end":{}}],"line":36},"1":{"loc":{"start":{"line":63,"column":4},"end":{"line":63,"column":null}},"type":"if","locations":[{"start":{"line":63,"column":4},"end":{"line":63,"column":null}},{"start":{},"end":{}}],"line":63},"2":{"loc":{"start":{"line":71,"column":6},"end":{"line":73,"column":null}},"type":"if","locations":[{"start":{"line":71,"column":6},"end":{"line":73,"column":null}},{"start":{},"end":{}}],"line":71},"3":{"loc":{"start":{"line":71,"column":10},"end":{"line":71,"column":57}},"type":"binary-expr","locations":[{"start":{"line":71,"column":10},"end":{"line":71,"column":25}},{"start":{"line":71,"column":29},"end":{"line":71,"column":57}}],"line":71},"4":{"loc":{"start":{"line":81,"column":4},"end":{"line":81,"column":null}},"type":"if","locations":[{"start":{"line":81,"column":4},"end":{"line":81,"column":null}},{"start":{},"end":{}}],"line":81},"5":{"loc":{"start":{"line":86,"column":34},"end":{"line":86,"column":null}},"type":"binary-expr","locations":[{"start":{"line":86,"column":34},"end":{"line":86,"column":50}},{"start":{"line":86,"column":50},"end":{"line":86,"column":null}}],"line":86},"6":{"loc":{"start":{"line":87,"column":52},"end":{"line":87,"column":67}},"type":"binary-expr","locations":[{"start":{"line":87,"column":52},"end":{"line":87,"column":59}},{"start":{"line":87,"column":63},"end":{"line":87,"column":67}}],"line":87},"7":{"loc":{"start":{"line":88,"column":55},"end":{"line":88,"column":68}},"type":"binary-expr","locations":[{"start":{"line":88,"column":55},"end":{"line":88,"column":60}},{"start":{"line":88,"column":64},"end":{"line":88,"column":68}}],"line":88},"8":{"loc":{"start":{"line":89,"column":60},"end":{"line":89,"column":78}},"type":"binary-expr","locations":[{"start":{"line":89,"column":60},"end":{"line":89,"column":70}},{"start":{"line":89,"column":74},"end":{"line":89,"column":78}}],"line":89},"9":{"loc":{"start":{"line":90,"column":61},"end":{"line":90,"column":80}},"type":"binary-expr","locations":[{"start":{"line":90,"column":61},"end":{"line":90,"column":72}},{"start":{"line":90,"column":76},"end":{"line":90,"column":80}}],"line":90},"10":{"loc":{"start":{"line":100,"column":4},"end":{"line":106,"column":null}},"type":"if","locations":[{"start":{"line":100,"column":4},"end":{"line":106,"column":null}},{"start":{},"end":{}}],"line":100},"11":{"loc":{"start":{"line":112,"column":4},"end":{"line":112,"column":null}},"type":"if","locations":[{"start":{"line":112,"column":4},"end":{"line":112,"column":null}},{"start":{},"end":{}}],"line":112},"12":{"loc":{"start":{"line":116,"column":11},"end":{"line":116,"column":null}},"type":"binary-expr","locations":[{"start":{"line":116,"column":11},"end":{"line":116,"column":19}},{"start":{"line":116,"column":23},"end":{"line":116,"column":null}}],"line":116},"13":{"loc":{"start":{"line":117,"column":16},"end":{"line":117,"column":null}},"type":"binary-expr","locations":[{"start":{"line":117,"column":16},"end":{"line":117,"column":29}},{"start":{"line":117,"column":33},"end":{"line":117,"column":null}}],"line":117},"14":{"loc":{"start":{"line":118,"column":17},"end":{"line":118,"column":null}},"type":"binary-expr","locations":[{"start":{"line":118,"column":17},"end":{"line":118,"column":31}},{"start":{"line":118,"column":35},"end":{"line":118,"column":null}}],"line":118},"15":{"loc":{"start":{"line":119,"column":16},"end":{"line":119,"column":null}},"type":"binary-expr","locations":[{"start":{"line":119,"column":16},"end":{"line":119,"column":29}},{"start":{"line":119,"column":33},"end":{"line":119,"column":null}}],"line":119},"16":{"loc":{"start":{"line":120,"column":13},"end":{"line":120,"column":null}},"type":"binary-expr","locations":[{"start":{"line":120,"column":13},"end":{"line":120,"column":23}},{"start":{"line":120,"column":27},"end":{"line":120,"column":null}}],"line":120},"17":{"loc":{"start":{"line":143,"column":17},"end":{"line":145,"column":null}},"type":"binary-expr","locations":[{"start":{"line":143,"column":17},"end":{"line":143,"column":null}},{"start":{"line":143,"column":33},"end":{"line":145,"column":null}}],"line":143},"18":{"loc":{"start":{"line":164,"column":38},"end":{"line":164,"column":null}},"type":"binary-expr","locations":[{"start":{"line":164,"column":38},"end":{"line":164,"column":50}},{"start":{"line":164,"column":50},"end":{"line":164,"column":null}}],"line":164},"19":{"loc":{"start":{"line":230,"column":7},"end":{"line":233,"column":null}},"type":"binary-expr","locations":[{"start":{"line":230,"column":7},"end":{"line":230,"column":null}},{"start":{"line":230,"column":7},"end":{"line":233,"column":null}}],"line":230},"20":{"loc":{"start":{"line":240,"column":47},"end":{"line":240,"column":67}},"type":"binary-expr","locations":[{"start":{"line":240,"column":47},"end":{"line":240,"column":63}},{"start":{"line":240,"column":63},"end":{"line":240,"column":67}}],"line":240},"21":{"loc":{"start":{"line":240,"column":93},"end":{"line":240,"column":108}},"type":"binary-expr","locations":[{"start":{"line":240,"column":93},"end":{"line":240,"column":100}},{"start":{"line":240,"column":104},"end":{"line":240,"column":108}}],"line":240},"22":{"loc":{"start":{"line":242,"column":9},"end":{"line":243,"column":null}},"type":"binary-expr","locations":[{"start":{"line":242,"column":9},"end":{"line":242,"column":null}},{"start":{"line":242,"column":9},"end":{"line":243,"column":null}}],"line":242},"23":{"loc":{"start":{"line":276,"column":7},"end":{"line":276,"column":null}},"type":"binary-expr","locations":[{"start":{"line":276,"column":7},"end":{"line":276,"column":38}},{"start":{"line":276,"column":38},"end":{"line":276,"column":null}}],"line":276},"24":{"loc":{"start":{"line":278,"column":7},"end":{"line":278,"column":null}},"type":"binary-expr","locations":[{"start":{"line":278,"column":7},"end":{"line":278,"column":39}},{"start":{"line":278,"column":39},"end":{"line":278,"column":null}}],"line":278},"25":{"loc":{"start":{"line":280,"column":7},"end":{"line":280,"column":null}},"type":"binary-expr","locations":[{"start":{"line":280,"column":7},"end":{"line":280,"column":36}},{"start":{"line":280,"column":36},"end":{"line":280,"column":null}}],"line":280},"26":{"loc":{"start":{"line":282,"column":7},"end":{"line":282,"column":null}},"type":"binary-expr","locations":[{"start":{"line":282,"column":7},"end":{"line":282,"column":34}},{"start":{"line":282,"column":34},"end":{"line":282,"column":null}}],"line":282},"27":{"loc":{"start":{"line":284,"column":7},"end":{"line":284,"column":null}},"type":"binary-expr","locations":[{"start":{"line":284,"column":7},"end":{"line":284,"column":42}},{"start":{"line":284,"column":42},"end":{"line":284,"column":null}}],"line":284},"28":{"loc":{"start":{"line":287,"column":7},"end":{"line":316,"column":null}},"type":"binary-expr","locations":[{"start":{"line":287,"column":7},"end":{"line":287,"column":null}},{"start":{"line":287,"column":23},"end":{"line":316,"column":null}}],"line":287},"29":{"loc":{"start":{"line":289,"column":58},"end":{"line":289,"column":92}},"type":"cond-expr","locations":[{"start":{"line":289,"column":73},"end":{"line":289,"column":89}},{"start":{"line":289,"column":89},"end":{"line":289,"column":92}}],"line":289},"30":{"loc":{"start":{"line":289,"column":95},"end":{"line":289,"column":125}},"type":"cond-expr","locations":[{"start":{"line":289,"column":106},"end":{"line":289,"column":121}},{"start":{"line":289,"column":121},"end":{"line":289,"column":125}}],"line":289},"31":{"loc":{"start":{"line":291,"column":13},"end":{"line":307,"column":null}},"type":"cond-expr","locations":[{"start":{"line":291,"column":13},"end":{"line":302,"column":15}},{"start":{"line":302,"column":14},"end":{"line":307,"column":null}}],"line":291},"32":{"loc":{"start":{"line":305,"column":41},"end":{"line":305,"column":null}},"type":"cond-expr","locations":[{"start":{"line":305,"column":64},"end":{"line":305,"column":79}},{"start":{"line":305,"column":79},"end":{"line":305,"column":null}}],"line":305},"33":{"loc":{"start":{"line":313,"column":11},"end":{"line":316,"column":null}},"type":"binary-expr","locations":[{"start":{"line":313,"column":11},"end":{"line":313,"column":null}},{"start":{"line":313,"column":11},"end":{"line":316,"column":null}}],"line":313}},"s":{"0":1,"1":8,"2":8,"3":8,"4":8,"5":8,"6":8,"7":8,"8":8,"9":8,"10":1,"11":1,"12":1,"13":1,"14":8,"15":8,"16":0,"17":0,"18":0,"19":0,"20":0,"21":0,"22":0,"23":8,"24":0,"25":0,"26":0,"27":0,"28":0,"29":0,"30":0,"31":0,"32":0,"33":0,"34":0,"35":0,"36":0,"37":8,"38":0,"39":0,"40":0,"41":0,"42":0,"43":0,"44":0,"45":0,"46":0,"47":0,"48":0,"49":0,"50":0,"51":0,"52":0,"53":0,"54":0,"55":0,"56":0,"57":8,"58":0,"59":0,"60":0,"61":0,"62":0,"63":8,"64":0,"65":0,"66":0,"67":0,"68":0,"69":0,"70":0,"71":0,"72":0,"73":0,"74":0,"75":0,"76":0,"77":8,"78":0,"79":0},"f":{"0":8,"1":1,"2":0,"3":0,"4":0,"5":0,"6":0,"7":0,"8":0,"9":0,"10":0,"11":0,"12":0,"13":0,"14":0,"15":0,"16":0,"17":0,"18":0,"19":0,"20":0},"b":{"0":[1,0],"1":[0,0],"2":[0,0],"3":[0,0],"4":[0,0],"5":[0,0],"6":[0,0],"7":[0,0],"8":[0,0],"9":[0,0],"10":[0,0],"11":[0,0],"12":[0,0],"13":[0,0],"14":[0,0],"15":[0,0],"16":[0,0],"17":[0,0],"18":[0,0],"19":[0,0],"20":[0,0],"21":[0,0],"22":[0,0],"23":[8,0],"24":[8,0],"25":[8,0],"26":[8,0],"27":[8,0],"28":[8,8],"29":[0,8],"30":[0,8],"31":[1,7],"32":[0,7],"33":[8,1]},"meta":{"lastBranch":34,"lastFunction":21,"lastStatement":80,"seen":{"s:16:25:21:Infinity":0,"f:23:24:23:38":0,"s:24:39:24:Infinity":1,"s:25:20:25:Infinity":2,"s:26:31:26:Infinity":3,"s:29:37:29:Infinity":4,"s:30:33:30:Infinity":5,"s:31:39:31:Infinity":6,"s:32:31:32:Infinity":7,"s:33:37:33:Infinity":8,"s:35:8:41:Infinity":9,"f:35:29:35:30":1,"b:36:4:40:Infinity:undefined:undefined:undefined:undefined":0,"s:36:4:40:Infinity":10,"s:37:6:37:Infinity":11,"s:38:6:38:Infinity":12,"s:39:6:39:Infinity":13,"s:43:53:50:Infinity":14,"s:52:24:60:Infinity":15,"f:52:24:52:Infinity":2,"s:53:4:53:Infinity":16,"s:54:4:54:Infinity":17,"s:55:4:55:Infinity":18,"s:56:4:56:Infinity":19,"s:57:4:57:Infinity":20,"s:58:4:58:Infinity":21,"s:59:4:59:Infinity":22,"s:62:24:78:Infinity":23,"f:62:24:62:Infinity":3,"b:63:4:63:Infinity:undefined:undefined:undefined:undefined":1,"s:63:4:63:Infinity":24,"s:63:23:63:Infinity":25,"s:64:4:64:Infinity":26,"s:65:4:65:Infinity":27,"s:66:4:77:Infinity":28,"s:67:21:67:Infinity":29,"s:68:6:68:Infinity":30,"s:69:6:69:Infinity":31,"s:70:6:70:Infinity":32,"b:71:6:73:Infinity:undefined:undefined:undefined:undefined":2,"s:71:6:73:Infinity":33,"b:71:10:71:25:71:29:71:57":3,"s:72:8:72:Infinity":34,"s:75:6:75:Infinity":35,"s:76:6:76:Infinity":36,"s:80:24:97:Infinity":37,"f:80:24:80:Infinity":4,"b:81:4:81:Infinity:undefined:undefined:undefined:undefined":4,"s:81:4:81:Infinity":38,"s:81:20:81:Infinity":39,"s:82:4:82:Infinity":40,"s:83:4:83:Infinity":41,"s:84:4:96:Infinity":42,"s:85:6:85:Infinity":43,"s:86:20:86:Infinity":44,"b:86:34:86:50:86:50:86:Infinity":5,"s:87:20:87:Infinity":45,"f:87:33:87:34":5,"s:87:45:87:67":46,"b:87:52:87:59:87:63:87:67":6,"s:88:23:88:Infinity":47,"f:88:36:88:37":6,"s:88:48:88:68":48,"b:88:55:88:60:88:64:88:68":7,"s:89:28:89:Infinity":49,"f:89:41:89:42":7,"s:89:53:89:78":50,"b:89:60:89:70:89:74:89:78":8,"s:90:29:90:Infinity":51,"f:90:42:90:43":8,"s:90:54:90:80":52,"b:90:61:90:72:90:76:90:80":9,"s:91:6:91:Infinity":53,"s:92:6:92:Infinity":54,"s:94:6:94:Infinity":55,"s:95:6:95:Infinity":56,"s:99:23:108:Infinity":57,"f:99:23:99:Infinity":9,"b:100:4:106:Infinity:undefined:undefined:undefined:undefined":10,"s:100:4:106:Infinity":58,"s:101:6:105:Infinity":59,"s:102:8:102:Infinity":60,"s:104:8:104:Infinity":61,"s:107:4:107:Infinity":62,"s:111:29:157:Infinity":63,"f:111:29:111:Infinity":10,"b:112:4:112:Infinity:undefined:undefined:undefined:undefined":11,"s:112:4:112:Infinity":64,"s:112:23:112:Infinity":65,"s:114:18:121:Infinity":66,"f:114:51:114:52":11,"s:114:75:121:Infinity":67,"b:116:11:116:19:116:23:116:Infinity":12,"b:117:16:117:29:117:33:117:Infinity":13,"b:118:17:118:31:118:35:118:Infinity":14,"b:119:16:119:29:119:33:119:Infinity":15,"b:120:13:120:23:120:27:120:Infinity":16,"s:123:4:131:27":68,"f:130:21:130:22":12,"s:130:28:131:27":69,"b:143:17:143:Infinity:143:33:145:Infinity":17,"s:160:27:167:Infinity":70,"f:160:27:160:Infinity":13,"b:164:38:164:50:164:50:164:Infinity":18,"s:175:31:180:Infinity":71,"f:175:31:175:Infinity":14,"s:186:32:190:Infinity":72,"f:186:32:186:Infinity":15,"s:197:29:217:Infinity":73,"f:197:29:197:Infinity":16,"s:224:34:248:Infinity":74,"f:224:34:224:Infinity":17,"b:230:7:230:Infinity:230:7:233:Infinity":19,"b:240:47:240:63:240:63:240:67":20,"f:240:74:240:75":18,"s:240:86:240:108":75,"b:240:93:240:100:240:104:240:108":21,"b:242:9:242:Infinity:242:9:243:Infinity":22,"f:243:74:243:80":19,"s:243:80:243:115":76,"s:255:2:316:Infinity":77,"b:276:7:276:38:276:38:276:Infinity":23,"b:278:7:278:39:278:39:278:Infinity":24,"b:280:7:280:36:280:36:280:Infinity":25,"b:282:7:282:34:282:34:282:Infinity":26,"b:284:7:284:42:284:42:284:Infinity":27,"b:287:7:287:Infinity:287:23:316:Infinity":28,"b:289:73:289:89:289:89:289:92":29,"b:289:106:289:121:289:121:289:125":30,"b:291:13:302:15:302:14:307:Infinity":31,"f:297:55:297:56":20,"s:297:64:297:85":78,"s:297:85:297:102":79,"b:305:64:305:79:305:79:305:Infinity":32,"b:313:11:313:Infinity:313:11:316:Infinity":33}}}
,"/home/frandev/Documentos/Proyecto-Asignatura-Web/frontend/src/Components/kpi/BarChartKpi.jsx": {"path":"/home/frandev/Documentos/Proyecto-Asignatura-Web/frontend/src/Components/kpi/BarChartKpi.jsx","statementMap":{"0":{"start":{"line":3,"column":17},"end":{"line":3,"column":null}},"1":{"start":{"line":3,"column":28},"end":{"line":3,"column":null}},"2":{"start":{"line":22,"column":22},"end":{"line":22,"column":null}},"3":{"start":{"line":23,"column":34},"end":{"line":23,"column":null}},"4":{"start":{"line":23,"column":51},"end":{"line":23,"column":null}},"5":{"start":{"line":27,"column":42},"end":{"line":35,"column":null}},"6":{"start":{"line":28,"column":4},"end":{"line":28,"column":null}},"7":{"start":{"line":28,"column":21},"end":{"line":28,"column":null}},"8":{"start":{"line":29,"column":25},"end":{"line":32,"column":null}},"9":{"start":{"line":30,"column":22},"end":{"line":30,"column":54}},"10":{"start":{"line":31,"column":6},"end":{"line":31,"column":null}},"11":{"start":{"line":34,"column":4},"end":{"line":34,"column":null}},"12":{"start":{"line":36,"column":24},"end":{"line":36,"column":null}},"13":{"start":{"line":37,"column":24},"end":{"line":37,"column":null}},"14":{"start":{"line":38,"column":30},"end":{"line":40,"column":null}},"15":{"start":{"line":41,"column":37},"end":{"line":41,"column":null}},"16":{"start":{"line":43,"column":2},"end":{"line":96,"column":null}}},"fnMap":{"0":{"name":"(anonymous_0)","decl":{"start":{"line":3,"column":17},"end":{"line":3,"column":18}},"loc":{"start":{"line":3,"column":28},"end":{"line":3,"column":null}},"line":3},"1":{"name":"BarChartKpi","decl":{"start":{"line":5,"column":24},"end":{"line":5,"column":36}},"loc":{"start":{"line":20,"column":1},"end":{"line":101,"column":null}},"line":20},"2":{"name":"(anonymous_2)","decl":{"start":{"line":23,"column":34},"end":{"line":23,"column":35}},"loc":{"start":{"line":23,"column":51},"end":{"line":23,"column":null}},"line":23},"3":{"name":"(anonymous_3)","decl":{"start":{"line":27,"column":43},"end":{"line":27,"column":null}},"loc":{"start":{"line":27,"column":43},"end":{"line":35,"column":null}},"line":27},"4":{"name":"(anonymous_4)","decl":{"start":{"line":29,"column":37},"end":{"line":29,"column":38}},"loc":{"start":{"line":29,"column":43},"end":{"line":32,"column":7}},"line":29}},"branchMap":{"0":{"loc":{"start":{"line":6,"column":2},"end":{"line":6,"column":11}},"type":"default-arg","locations":[{"start":{"line":6,"column":9},"end":{"line":6,"column":11}}],"line":6},"1":{"loc":{"start":{"line":8,"column":2},"end":{"line":8,"column":20}},"type":"default-arg","locations":[{"start":{"line":8,"column":15},"end":{"line":8,"column":20}}],"line":8},"2":{"loc":{"start":{"line":9,"column":2},"end":{"line":9,"column":19}},"type":"default-arg","locations":[{"start":{"line":9,"column":10},"end":{"line":9,"column":19}}],"line":9},"3":{"loc":{"start":{"line":14,"column":2},"end":{"line":14,"column":27}},"type":"default-arg","locations":[{"start":{"line":14,"column":19},"end":{"line":14,"column":27}}],"line":14},"4":{"loc":{"start":{"line":18,"column":2},"end":{"line":18,"column":30}},"type":"default-arg","locations":[{"start":{"line":18,"column":25},"end":{"line":18,"column":30}}],"line":18},"5":{"loc":{"start":{"line":28,"column":4},"end":{"line":28,"column":null}},"type":"if","locations":[{"start":{"line":28,"column":4},"end":{"line":28,"column":null}},{"start":{},"end":{}}],"line":28},"6":{"loc":{"start":{"line":30,"column":29},"end":{"line":30,"column":48}},"type":"binary-expr","locations":[{"start":{"line":30,"column":29},"end":{"line":30,"column":44}},{"start":{"line":30,"column":44},"end":{"line":30,"column":48}}],"line":30},"7":{"loc":{"start":{"line":36,"column":24},"end":{"line":36,"column":null}},"type":"binary-expr","locations":[{"start":{"line":36,"column":24},"end":{"line":36,"column":38}},{"start":{"line":36,"column":38},"end":{"line":36,"column":null}}],"line":36},"8":{"loc":{"start":{"line":37,"column":24},"end":{"line":37,"column":null}},"type":"cond-expr","locations":[{"start":{"line":37,"column":47},"end":{"line":37,"column":51}},{"start":{"line":37,"column":51},"end":{"line":37,"column":null}}],"line":37},"9":{"loc":{"start":{"line":38,"column":30},"end":{"line":40,"column":null}},"type":"binary-expr","locations":[{"start":{"line":38,"column":30},"end":{"line":38,"column":46}},{"start":{"line":38,"column":46},"end":{"line":40,"column":8}}],"line":38},"10":{"loc":{"start":{"line":38,"column":46},"end":{"line":40,"column":8}},"type":"cond-expr","locations":[{"start":{"line":39,"column":6},"end":{"line":39,"column":null}},{"start":{"line":40,"column":6},"end":{"line":40,"column":8}}],"line":38},"11":{"loc":{"start":{"line":41,"column":37},"end":{"line":41,"column":null}},"type":"cond-expr","locations":[{"start":{"line":41,"column":57},"end":{"line":41,"column":61}},{"start":{"line":41,"column":61},"end":{"line":41,"column":null}}],"line":41},"12":{"loc":{"start":{"line":45,"column":7},"end":{"line":45,"column":null}},"type":"binary-expr","locations":[{"start":{"line":45,"column":7},"end":{"line":45,"column":16}},{"start":{"line":45,"column":7},"end":{"line":45,"column":null}}],"line":45},"13":{"loc":{"start":{"line":47,"column":38},"end":{"line":47,"column":78}},"type":"cond-expr","locations":[{"start":{"line":47,"column":51},"end":{"line":47,"column":64}},{"start":{"line":47,"column":64},"end":{"line":47,"column":78}}],"line":47},"14":{"loc":{"start":{"line":49,"column":11},"end":{"line":87,"column":null}},"type":"cond-expr","locations":[{"start":{"line":49,"column":11},"end":{"line":71,"column":null}},{"start":{"line":71,"column":12},"end":{"line":87,"column":null}}],"line":49},"15":{"loc":{"start":{"line":54,"column":23},"end":{"line":54,"column":null}},"type":"cond-expr","locations":[{"start":{"line":54,"column":36},"end":{"line":54,"column":91}},{"start":{"line":54,"column":91},"end":{"line":54,"column":null}}],"line":54},"16":{"loc":{"start":{"line":64,"column":18},"end":{"line":66,"column":null}},"type":"cond-expr","locations":[{"start":{"line":65,"column":22},"end":{"line":65,"column":null}},{"start":{"line":66,"column":22},"end":{"line":66,"column":null}}],"line":64},"17":{"loc":{"start":{"line":77,"column":23},"end":{"line":77,"column":null}},"type":"cond-expr","locations":[{"start":{"line":77,"column":46},"end":{"line":77,"column":52}},{"start":{"line":77,"column":52},"end":{"line":77,"column":null}}],"line":77},"18":{"loc":{"start":{"line":78,"column":28},"end":{"line":78,"column":null}},"type":"cond-expr","locations":[{"start":{"line":78,"column":51},"end":{"line":78,"column":59}},{"start":{"line":78,"column":59},"end":{"line":78,"column":null}}],"line":78},"19":{"loc":{"start":{"line":79,"column":24},"end":{"line":79,"column":null}},"type":"cond-expr","locations":[{"start":{"line":79,"column":47},"end":{"line":79,"column":52}},{"start":{"line":79,"column":52},"end":{"line":79,"column":null}}],"line":79},"20":{"loc":{"start":{"line":80,"column":23},"end":{"line":80,"column":null}},"type":"cond-expr","locations":[{"start":{"line":80,"column":36},"end":{"line":80,"column":91}},{"start":{"line":80,"column":91},"end":{"line":80,"column":null}}],"line":80},"21":{"loc":{"start":{"line":85,"column":18},"end":{"line":87,"column":null}},"type":"cond-expr","locations":[{"start":{"line":86,"column":22},"end":{"line":86,"column":null}},{"start":{"line":87,"column":22},"end":{"line":87,"column":null}}],"line":85},"22":{"loc":{"start":{"line":93,"column":23},"end":{"line":93,"column":null}},"type":"binary-expr","locations":[{"start":{"line":93,"column":23},"end":{"line":93,"column":43}},{"start":{"line":93,"column":43},"end":{"line":93,"column":null}}],"line":93}},"s":{"0":1,"1":0,"2":9,"3":9,"4":0,"5":9,"6":9,"7":4,"8":5,"9":26,"10":26,"11":5,"12":9,"13":9,"14":9,"15":9,"16":9},"f":{"0":0,"1":9,"2":0,"3":9,"4":26},"b":{"0":[9],"1":[9],"2":[9],"3":[9],"4":[9],"5":[4,5],"6":[26,0],"7":[9,8],"8":[0,9],"9":[9,9],"10":[5,4],"11":[8,1],"12":[9,0],"13":[5,4],"14":[5,4],"15":[0,5],"16":[0,5],"17":[0,4],"18":[0,4],"19":[0,4],"20":[0,4],"21":[0,4],"22":[9,9]},"meta":{"lastBranch":23,"lastFunction":5,"lastStatement":17,"seen":{"s:3:17:3:Infinity":0,"f:3:17:3:18":0,"s:3:28:3:Infinity":1,"f:5:24:5:36":1,"b:6:9:6:11":0,"b:8:15:8:20":1,"b:9:10:9:19":2,"b:14:19:14:27":3,"b:18:25:18:30":4,"s:22:22:22:Infinity":2,"s:23:34:23:Infinity":3,"f:23:34:23:35":2,"s:23:51:23:Infinity":4,"s:27:42:35:Infinity":5,"f:27:43:27:Infinity":3,"b:28:4:28:Infinity:undefined:undefined:undefined:undefined":5,"s:28:4:28:Infinity":6,"s:28:21:28:Infinity":7,"s:29:25:32:Infinity":8,"f:29:37:29:38":4,"s:30:22:30:54":9,"b:30:29:30:44:30:44:30:48":6,"s:31:6:31:Infinity":10,"s:34:4:34:Infinity":11,"s:36:24:36:Infinity":12,"b:36:24:36:38:36:38:36:Infinity":7,"s:37:24:37:Infinity":13,"b:37:47:37:51:37:51:37:Infinity":8,"s:38:30:40:Infinity":14,"b:38:30:38:46:38:46:40:8":9,"b:39:6:39:Infinity:40:6:40:8":10,"s:41:37:41:Infinity":15,"b:41:57:41:61:41:61:41:Infinity":11,"s:43:2:96:Infinity":16,"b:45:7:45:16:45:7:45:Infinity":12,"b:47:51:47:64:47:64:47:78":13,"b:49:11:71:Infinity:71:12:87:Infinity":14,"b:54:36:54:91:54:91:54:Infinity":15,"b:65:22:65:Infinity:66:22:66:Infinity":16,"b:77:46:77:52:77:52:77:Infinity":17,"b:78:51:78:59:78:59:78:Infinity":18,"b:79:47:79:52:79:52:79:Infinity":19,"b:80:36:80:91:80:91:80:Infinity":20,"b:86:22:86:Infinity:87:22:87:Infinity":21,"b:93:23:93:43:93:43:93:Infinity":22}}}
,"/home/frandev/Documentos/Proyecto-Asignatura-Web/frontend/src/Components/kpi/FilterBar.css": {"path":"/home/frandev/Documentos/Proyecto-Asignatura-Web/frontend/src/Components/kpi/FilterBar.css","statementMap":{},"fnMap":{},"branchMap":{},"s":{},"f":{},"b":{},"meta":{"lastBranch":0,"lastFunction":0,"lastStatement":0,"seen":{}}}
,"/home/frandev/Documentos/Proyecto-Asignatura-Web/frontend/src/Components/kpi/FilterBar.jsx": {"path":"/home/frandev/Documentos/Proyecto-Asignatura-Web/frontend/src/Components/kpi/FilterBar.jsx","statementMap":{"0":{"start":{"line":4,"column":23},"end":{"line":6,"column":null}},"1":{"start":{"line":5,"column":4},"end":{"line":5,"column":null}},"2":{"start":{"line":8,"column":32},"end":{"line":12,"column":null}},"3":{"start":{"line":9,"column":21},"end":{"line":9,"column":null}},"4":{"start":{"line":10,"column":4},"end":{"line":10,"column":null}},"5":{"start":{"line":11,"column":4},"end":{"line":11,"column":null}},"6":{"start":{"line":14,"column":23},"end":{"line":47,"column":null}},"7":{"start":{"line":15,"column":20},"end":{"line":15,"column":48}},"8":{"start":{"line":16,"column":4},"end":{"line":27,"column":null}},"9":{"start":{"line":17,"column":6},"end":{"line":24,"column":null}},"10":{"start":{"line":22,"column":27},"end":{"line":22,"column":null}},"11":{"start":{"line":28,"column":4},"end":{"line":42,"column":30}},"12":{"start":{"line":33,"column":27},"end":{"line":33,"column":null}},"13":{"start":{"line":36,"column":24},"end":{"line":37,"column":30}},"14":{"start":{"line":41,"column":24},"end":{"line":42,"column":30}},"15":{"start":{"line":49,"column":2},"end":{"line":107,"column":null}},"16":{"start":{"line":58,"column":29},"end":{"line":58,"column":null}},"17":{"start":{"line":68,"column":29},"end":{"line":68,"column":null}}},"fnMap":{"0":{"name":"FilterBar","decl":{"start":{"line":3,"column":24},"end":{"line":3,"column":34}},"loc":{"start":{"line":3,"column":94},"end":{"line":113,"column":null}},"line":3},"1":{"name":"(anonymous_1)","decl":{"start":{"line":4,"column":23},"end":{"line":4,"column":24}},"loc":{"start":{"line":4,"column":31},"end":{"line":6,"column":null}},"line":4},"2":{"name":"(anonymous_2)","decl":{"start":{"line":8,"column":32},"end":{"line":8,"column":33}},"loc":{"start":{"line":8,"column":40},"end":{"line":12,"column":null}},"line":8},"3":{"name":"(anonymous_3)","decl":{"start":{"line":14,"column":23},"end":{"line":14,"column":24}},"loc":{"start":{"line":14,"column":38},"end":{"line":47,"column":null}},"line":14},"4":{"name":"(anonymous_4)","decl":{"start":{"line":22,"column":20},"end":{"line":22,"column":21}},"loc":{"start":{"line":22,"column":27},"end":{"line":22,"column":null}},"line":22},"5":{"name":"(anonymous_5)","decl":{"start":{"line":33,"column":20},"end":{"line":33,"column":21}},"loc":{"start":{"line":33,"column":27},"end":{"line":33,"column":null}},"line":33},"6":{"name":"(anonymous_6)","decl":{"start":{"line":36,"column":23},"end":{"line":36,"column":24}},"loc":{"start":{"line":36,"column":24},"end":{"line":37,"column":30}},"line":36},"7":{"name":"(anonymous_7)","decl":{"start":{"line":41,"column":23},"end":{"line":41,"column":24}},"loc":{"start":{"line":41,"column":24},"end":{"line":42,"column":30}},"line":41},"8":{"name":"(anonymous_8)","decl":{"start":{"line":58,"column":22},"end":{"line":58,"column":23}},"loc":{"start":{"line":58,"column":29},"end":{"line":58,"column":null}},"line":58},"9":{"name":"(anonymous_9)","decl":{"start":{"line":68,"column":22},"end":{"line":68,"column":23}},"loc":{"start":{"line":68,"column":29},"end":{"line":68,"column":null}},"line":68}},"branchMap":{"0":{"loc":{"start":{"line":15,"column":20},"end":{"line":15,"column":48}},"type":"binary-expr","locations":[{"start":{"line":15,"column":20},"end":{"line":15,"column":42}},{"start":{"line":15,"column":46},"end":{"line":15,"column":48}}],"line":15},"1":{"loc":{"start":{"line":16,"column":4},"end":{"line":27,"column":null}},"type":"if","locations":[{"start":{"line":16,"column":4},"end":{"line":27,"column":null}},{"start":{},"end":{}}],"line":16},"2":{"loc":{"start":{"line":57,"column":19},"end":{"line":57,"column":null}},"type":"binary-expr","locations":[{"start":{"line":57,"column":19},"end":{"line":57,"column":40}},{"start":{"line":57,"column":44},"end":{"line":57,"column":null}}],"line":57},"3":{"loc":{"start":{"line":67,"column":19},"end":{"line":67,"column":null}},"type":"binary-expr","locations":[{"start":{"line":67,"column":19},"end":{"line":67,"column":40}},{"start":{"line":67,"column":44},"end":{"line":67,"column":null}}],"line":67}},"s":{"0":5,"1":1,"2":5,"3":0,"4":0,"5":0,"6":5,"7":30,"8":30,"9":30,"10":1,"11":0,"12":0,"13":0,"14":0,"15":5,"16":0,"17":0},"f":{"0":5,"1":1,"2":0,"3":30,"4":1,"5":0,"6":0,"7":0,"8":0,"9":0},"b":{"0":[30,30],"1":[30,0],"2":[5,4],"3":[5,4]},"meta":{"lastBranch":4,"lastFunction":10,"lastStatement":18,"seen":{"f:3:24:3:34":0,"s:4:23:6:Infinity":0,"f:4:23:4:24":1,"s:5:4:5:Infinity":1,"s:8:32:12:Infinity":2,"f:8:32:8:33":2,"s:9:21:9:Infinity":3,"s:10:4:10:Infinity":4,"s:11:4:11:Infinity":5,"s:14:23:47:Infinity":6,"f:14:23:14:24":3,"s:15:20:15:48":7,"b:15:20:15:42:15:46:15:48":0,"b:16:4:27:Infinity:undefined:undefined:undefined:undefined":1,"s:16:4:27:Infinity":8,"s:17:6:24:Infinity":9,"f:22:20:22:21":4,"s:22:27:22:Infinity":10,"s:28:4:42:30":11,"f:33:20:33:21":5,"s:33:27:33:Infinity":12,"f:36:23:36:24":6,"s:36:24:37:30":13,"f:41:23:41:24":7,"s:41:24:42:30":14,"s:49:2:107:Infinity":15,"b:57:19:57:40:57:44:57:Infinity":2,"f:58:22:58:23":8,"s:58:29:58:Infinity":16,"b:67:19:67:40:67:44:67:Infinity":3,"f:68:22:68:23":9,"s:68:29:68:Infinity":17}}}
,"/home/frandev/Documentos/Proyecto-Asignatura-Web/frontend/src/Components/kpi/KpiCard.jsx": {"path":"/home/frandev/Documentos/Proyecto-Asignatura-Web/frontend/src/Components/kpi/KpiCard.jsx","statementMap":{"0":{"start":{"line":2,"column":20},"end":{"line":8,"column":null}},"1":{"start":{"line":10,"column":22},"end":{"line":16,"column":null}},"2":{"start":{"line":18,"column":20},"end":{"line":24,"column":null}},"3":{"start":{"line":26,"column":29},"end":{"line":31,"column":null}},"4":{"start":{"line":33,"column":30},"end":{"line":36,"column":null}},"5":{"start":{"line":38,"column":23},"end":{"line":45,"column":null}},"6":{"start":{"line":47,"column":21},"end":{"line":51,"column":null}},"7":{"start":{"line":53,"column":21},"end":{"line":57,"column":null}},"8":{"start":{"line":59,"column":2},"end":{"line":80,"column":null}}},"fnMap":{"0":{"name":"KpiCard","decl":{"start":{"line":1,"column":24},"end":{"line":1,"column":32}},"loc":{"start":{"line":1,"column":98},"end":{"line":83,"column":null}},"line":1}},"branchMap":{"0":{"loc":{"start":{"line":1,"column":41},"end":{"line":1,"column":56}},"type":"default-arg","locations":[{"start":{"line":1,"column":51},"end":{"line":1,"column":56}}],"line":1},"1":{"loc":{"start":{"line":1,"column":58},"end":{"line":1,"column":70}},"type":"default-arg","locations":[{"start":{"line":1,"column":66},"end":{"line":1,"column":70}}],"line":1},"2":{"loc":{"start":{"line":1,"column":82},"end":{"line":1,"column":96}},"type":"default-arg","locations":[{"start":{"line":1,"column":94},"end":{"line":1,"column":96}}],"line":1},"3":{"loc":{"start":{"line":61,"column":7},"end":{"line":61,"column":null}},"type":"binary-expr","locations":[{"start":{"line":61,"column":7},"end":{"line":61,"column":16}},{"start":{"line":61,"column":7},"end":{"line":61,"column":null}}],"line":61},"4":{"loc":{"start":{"line":63,"column":9},"end":{"line":65,"column":null}},"type":"binary-expr","locations":[{"start":{"line":63,"column":9},"end":{"line":63,"column":null}},{"start":{"line":63,"column":9},"end":{"line":65,"column":null}}],"line":63},"5":{"loc":{"start":{"line":68,"column":9},"end":{"line":70,"column":null}},"type":"binary-expr","locations":[{"start":{"line":68,"column":9},"end":{"line":68,"column":null}},{"start":{"line":68,"column":9},"end":{"line":70,"column":null}}],"line":68},"6":{"loc":{"start":{"line":70,"column":44},"end":{"line":70,"column":null}},"type":"cond-expr","locations":[{"start":{"line":70,"column":72},"end":{"line":70,"column":80}},{"start":{"line":70,"column":80},"end":{"line":70,"column":null}}],"line":70},"7":{"loc":{"start":{"line":70,"column":80},"end":{"line":70,"column":null}},"type":"binary-expr","locations":[{"start":{"line":70,"column":80},"end":{"line":70,"column":98}},{"start":{"line":70,"column":98},"end":{"line":70,"column":null}}],"line":70},"8":{"loc":{"start":{"line":73,"column":9},"end":{"line":75,"column":null}},"type":"binary-expr","locations":[{"start":{"line":73,"column":9},"end":{"line":73,"column":21}},{"start":{"line":73,"column":21},"end":{"line":73,"column":31}},{"start":{"line":73,"column":31},"end":{"line":73,"column":null}},{"start":{"line":73,"column":32},"end":{"line":75,"column":null}}],"line":73},"9":{"loc":{"start":{"line":78,"column":9},"end":{"line":78,"column":null}},"type":"binary-expr","locations":[{"start":{"line":78,"column":9},"end":{"line":78,"column":21}},{"start":{"line":78,"column":21},"end":{"line":78,"column":31}},{"start":{"line":78,"column":31},"end":{"line":78,"column":43}},{"start":{"line":78,"column":31},"end":{"line":78,"column":null}}],"line":78}},"s":{"0":11,"1":11,"2":11,"3":11,"4":11,"5":11,"6":11,"7":11,"8":11},"f":{"0":11},"b":{"0":[11],"1":[11],"2":[11],"3":[11,11],"4":[11,2],"5":[11,1],"6":[1,0],"7":[0,0],"8":[11,9,8,2],"9":[11,9,8,6]},"meta":{"lastBranch":10,"lastFunction":1,"lastStatement":9,"seen":{"f:1:24:1:32":0,"b:1:51:1:56":0,"b:1:66:1:70":1,"b:1:94:1:96":2,"s:2:20:8:Infinity":0,"s:10:22:16:Infinity":1,"s:18:20:24:Infinity":2,"s:26:29:31:Infinity":3,"s:33:30:36:Infinity":4,"s:38:23:45:Infinity":5,"s:47:21:51:Infinity":6,"s:53:21:57:Infinity":7,"s:59:2:80:Infinity":8,"b:61:7:61:16:61:7:61:Infinity":3,"b:63:9:63:Infinity:63:9:65:Infinity":4,"b:68:9:68:Infinity:68:9:70:Infinity":5,"b:70:72:70:80:70:80:70:Infinity":6,"b:70:80:70:98:70:98:70:Infinity":7,"b:73:9:73:21:73:21:73:31:73:31:73:Infinity:73:32:75:Infinity":8,"b:78:9:78:21:78:21:78:31:78:31:78:43:78:31:78:Infinity":9}}}
,"/home/frandev/Documentos/Proyecto-Asignatura-Web/frontend/src/Components/kpi/lineChartUtils.js": {"path":"/home/frandev/Documentos/Proyecto-Asignatura-Web/frontend/src/Components/kpi/lineChartUtils.js","statementMap":{"0":{"start":{"line":1,"column":22},"end":{"line":5,"column":1}},"1":{"start":{"line":2,"column":2},"end":{"line":2,"column":null}},"2":{"start":{"line":2,"column":33},"end":{"line":2,"column":null}},"3":{"start":{"line":3,"column":2},"end":{"line":3,"column":null}},"4":{"start":{"line":3,"column":56},"end":{"line":3,"column":null}},"5":{"start":{"line":4,"column":2},"end":{"line":4,"column":null}},"6":{"start":{"line":8,"column":21},"end":{"line":8,"column":73}},"7":{"start":{"line":8,"column":43},"end":{"line":8,"column":72}},"8":{"start":{"line":8,"column":62},"end":{"line":8,"column":65}},"9":{"start":{"line":9,"column":26},"end":{"line":9,"column":82}},"10":{"start":{"line":11,"column":22},"end":{"line":11,"column":74}},"11":{"start":{"line":11,"column":34},"end":{"line":11,"column":73}},"12":{"start":{"line":13,"column":21},"end":{"line":15,"column":3}},"13":{"start":{"line":14,"column":32},"end":{"line":14,"column":37}},"14":{"start":{"line":17,"column":26},"end":{"line":23,"column":4}},"15":{"start":{"line":18,"column":16},"end":{"line":18,"column":25}},"16":{"start":{"line":19,"column":4},"end":{"line":21,"column":null}},"17":{"start":{"line":20,"column":6},"end":{"line":20,"column":null}},"18":{"start":{"line":22,"column":4},"end":{"line":22,"column":null}},"19":{"start":{"line":25,"column":21},"end":{"line":31,"column":4}},"20":{"start":{"line":26,"column":18},"end":{"line":26,"column":23}},"21":{"start":{"line":27,"column":4},"end":{"line":29,"column":null}},"22":{"start":{"line":28,"column":6},"end":{"line":28,"column":null}},"23":{"start":{"line":30,"column":4},"end":{"line":30,"column":null}},"24":{"start":{"line":33,"column":2},"end":{"line":33,"column":null}}},"fnMap":{"0":{"name":"(anonymous_0)","decl":{"start":{"line":1,"column":22},"end":{"line":1,"column":23}},"loc":{"start":{"line":1,"column":33},"end":{"line":5,"column":1}},"line":1},"1":{"name":"buildMergedLineData","decl":{"start":{"line":7,"column":16},"end":{"line":7,"column":35}},"loc":{"start":{"line":7,"column":49},"end":{"line":34,"column":null}},"line":7},"2":{"name":"(anonymous_2)","decl":{"start":{"line":8,"column":36},"end":{"line":8,"column":37}},"loc":{"start":{"line":8,"column":43},"end":{"line":8,"column":72}},"line":8},"3":{"name":"(anonymous_3)","decl":{"start":{"line":8,"column":55},"end":{"line":8,"column":56}},"loc":{"start":{"line":8,"column":62},"end":{"line":8,"column":65}},"line":8},"4":{"name":"(anonymous_4)","decl":{"start":{"line":11,"column":22},"end":{"line":11,"column":23}},"loc":{"start":{"line":11,"column":34},"end":{"line":11,"column":73}},"line":11},"5":{"name":"(anonymous_5)","decl":{"start":{"line":14,"column":22},"end":{"line":14,"column":23}},"loc":{"start":{"line":14,"column":32},"end":{"line":14,"column":37}},"line":14},"6":{"name":"(anonymous_6)","decl":{"start":{"line":17,"column":37},"end":{"line":17,"column":38}},"loc":{"start":{"line":17,"column":44},"end":{"line":23,"column":3}},"line":17},"7":{"name":"(anonymous_7)","decl":{"start":{"line":19,"column":27},"end":{"line":19,"column":28}},"loc":{"start":{"line":19,"column":38},"end":{"line":21,"column":5}},"line":19},"8":{"name":"(anonymous_8)","decl":{"start":{"line":25,"column":36},"end":{"line":25,"column":37}},"loc":{"start":{"line":25,"column":43},"end":{"line":31,"column":3}},"line":25},"9":{"name":"(anonymous_9)","decl":{"start":{"line":27,"column":19},"end":{"line":27,"column":20}},"loc":{"start":{"line":27,"column":33},"end":{"line":29,"column":5}},"line":27}},"branchMap":{"0":{"loc":{"start":{"line":2,"column":2},"end":{"line":2,"column":null}},"type":"if","locations":[{"start":{"line":2,"column":2},"end":{"line":2,"column":null}},{"start":{},"end":{}}],"line":2},"1":{"loc":{"start":{"line":3,"column":2},"end":{"line":3,"column":null}},"type":"if","locations":[{"start":{"line":3,"column":2},"end":{"line":3,"column":null}},{"start":{},"end":{}}],"line":3},"2":{"loc":{"start":{"line":3,"column":6},"end":{"line":3,"column":54}},"type":"binary-expr","locations":[{"start":{"line":3,"column":6},"end":{"line":3,"column":31}},{"start":{"line":3,"column":35},"end":{"line":3,"column":54}}],"line":3},"3":{"loc":{"start":{"line":7,"column":36},"end":{"line":7,"column":47}},"type":"default-arg","locations":[{"start":{"line":7,"column":45},"end":{"line":7,"column":47}}],"line":7},"4":{"loc":{"start":{"line":8,"column":43},"end":{"line":8,"column":72}},"type":"binary-expr","locations":[{"start":{"line":8,"column":43},"end":{"line":8,"column":66}},{"start":{"line":8,"column":70},"end":{"line":8,"column":72}}],"line":8},"5":{"loc":{"start":{"line":9,"column":26},"end":{"line":9,"column":82}},"type":"binary-expr","locations":[{"start":{"line":9,"column":26},"end":{"line":9,"column":47}},{"start":{"line":9,"column":51},"end":{"line":9,"column":82}}],"line":9},"6":{"loc":{"start":{"line":11,"column":34},"end":{"line":11,"column":73}},"type":"cond-expr","locations":[{"start":{"line":11,"column":52},"end":{"line":11,"column":65}},{"start":{"line":11,"column":68},"end":{"line":11,"column":73}}],"line":11},"7":{"loc":{"start":{"line":14,"column":4},"end":{"line":14,"column":null}},"type":"cond-expr","locations":[{"start":{"line":14,"column":22},"end":{"line":14,"column":37}},{"start":{"line":14,"column":40},"end":{"line":14,"column":null}}],"line":14},"8":{"loc":{"start":{"line":19,"column":5},"end":{"line":19,"column":17}},"type":"binary-expr","locations":[{"start":{"line":19,"column":5},"end":{"line":19,"column":11}},{"start":{"line":19,"column":15},"end":{"line":19,"column":17}}],"line":19},"9":{"loc":{"start":{"line":28,"column":22},"end":{"line":28,"column":90}},"type":"cond-expr","locations":[{"start":{"line":28,"column":54},"end":{"line":28,"column":83}},{"start":{"line":28,"column":86},"end":{"line":28,"column":90}}],"line":28}},"s":{"0":1,"1":4,"2":3,"3":1,"4":1,"5":0,"6":2,"7":2,"8":5,"9":2,"10":2,"11":10,"12":2,"13":2,"14":2,"15":2,"16":2,"17":5,"18":2,"19":2,"20":5,"21":5,"22":5,"23":5,"24":2},"f":{"0":4,"1":2,"2":2,"3":5,"4":10,"5":2,"6":2,"7":5,"8":5,"9":5},"b":{"0":[3,1],"1":[1,0],"2":[1,1],"3":[2],"4":[2,0],"5":[2,2],"6":[6,4],"7":[2,1],"8":[2,0],"9":[5,0]},"meta":{"lastBranch":10,"lastFunction":10,"lastStatement":25,"seen":{"s:1:22:5:1":0,"f:1:22:1:23":0,"b:2:2:2:Infinity:undefined:undefined:undefined:undefined":0,"s:2:2:2:Infinity":1,"s:2:33:2:Infinity":2,"b:3:2:3:Infinity:undefined:undefined:undefined:undefined":1,"s:3:2:3:Infinity":3,"b:3:6:3:31:3:35:3:54":2,"s:3:56:3:Infinity":4,"s:4:2:4:Infinity":5,"f:7:16:7:35":1,"b:7:45:7:47":3,"s:8:21:8:73":6,"f:8:36:8:37":2,"s:8:43:8:72":7,"b:8:43:8:66:8:70:8:72":4,"f:8:55:8:56":3,"s:8:62:8:65":8,"s:9:26:9:82":9,"b:9:26:9:47:9:51:9:82":5,"s:11:22:11:74":10,"f:11:22:11:23":4,"s:11:34:11:73":11,"b:11:52:11:65:11:68:11:73":6,"s:13:21:15:3":12,"b:14:22:14:37:14:40:14:Infinity":7,"f:14:22:14:23":5,"s:14:32:14:37":13,"s:17:26:23:4":14,"f:17:37:17:38":6,"s:18:16:18:25":15,"s:19:4:21:Infinity":16,"b:19:5:19:11:19:15:19:17":8,"f:19:27:19:28":7,"s:20:6:20:Infinity":17,"s:22:4:22:Infinity":18,"s:25:21:31:4":19,"f:25:36:25:37":8,"s:26:18:26:23":20,"s:27:4:29:Infinity":21,"f:27:19:27:20":9,"s:28:6:28:Infinity":22,"b:28:54:28:83:28:86:28:90":9,"s:30:4:30:Infinity":23,"s:33:2:33:Infinity":24}}}
,"/home/frandev/Documentos/Proyecto-Asignatura-Web/frontend/src/api/excel.js": {"path":"/home/frandev/Documentos/Proyecto-Asignatura-Web/frontend/src/api/excel.js","statementMap":{"0":{"start":{"line":1,"column":67},"end":{"line":1,"column":null}},"1":{"start":{"line":13,"column":19},"end":{"line":13,"column":48}},"2":{"start":{"line":14,"column":14},"end":{"line":14,"column":62}},"3":{"start":{"line":16,"column":19},"end":{"line":16,"column":33}},"4":{"start":{"line":17,"column":2},"end":{"line":17,"column":null}},"5":{"start":{"line":19,"column":19},"end":{"line":22,"column":4}},"6":{"start":{"line":24,"column":2},"end":{"line":27,"column":null}},"7":{"start":{"line":25,"column":18},"end":{"line":25,"column":85}},"8":{"start":{"line":25,"column":53},"end":{"line":25,"column":83}},"9":{"start":{"line":26,"column":4},"end":{"line":26,"column":null}},"10":{"start":{"line":29,"column":2},"end":{"line":29,"column":null}},"11":{"start":{"line":39,"column":14},"end":{"line":39,"column":63}},"12":{"start":{"line":41,"column":19},"end":{"line":46,"column":4}},"13":{"start":{"line":48,"column":2},"end":{"line":51,"column":null}},"14":{"start":{"line":49,"column":18},"end":{"line":49,"column":85}},"15":{"start":{"line":49,"column":53},"end":{"line":49,"column":83}},"16":{"start":{"line":50,"column":4},"end":{"line":50,"column":null}},"17":{"start":{"line":53,"column":2},"end":{"line":53,"column":null}},"18":{"start":{"line":63,"column":14},"end":{"line":63,"column":62}},"19":{"start":{"line":65,"column":19},"end":{"line":67,"column":4}},"20":{"start":{"line":69,"column":2},"end":{"line":72,"column":null}},"21":{"start":{"line":70,"column":18},"end":{"line":70,"column":85}},"22":{"start":{"line":70,"column":53},"end":{"line":70,"column":83}},"23":{"start":{"line":71,"column":4},"end":{"line":71,"column":null}},"24":{"start":{"line":74,"column":2},"end":{"line":74,"column":null}}},"fnMap":{"0":{"name":"uploadForPreview","decl":{"start":{"line":12,"column":22},"end":{"line":12,"column":38}},"loc":{"start":{"line":12,"column":45},"end":{"line":30,"column":null}},"line":12},"1":{"name":"(anonymous_1)","decl":{"start":{"line":25,"column":46},"end":{"line":25,"column":47}},"loc":{"start":{"line":25,"column":53},"end":{"line":25,"column":83}},"line":25},"2":{"name":"confirmSession","decl":{"start":{"line":38,"column":22},"end":{"line":38,"column":36}},"loc":{"start":{"line":38,"column":48},"end":{"line":54,"column":null}},"line":38},"3":{"name":"(anonymous_3)","decl":{"start":{"line":49,"column":46},"end":{"line":49,"column":47}},"loc":{"start":{"line":49,"column":53},"end":{"line":49,"column":83}},"line":49},"4":{"name":"rejectSession","decl":{"start":{"line":62,"column":22},"end":{"line":62,"column":35}},"loc":{"start":{"line":62,"column":47},"end":{"line":75,"column":null}},"line":62},"5":{"name":"(anonymous_5)","decl":{"start":{"line":70,"column":46},"end":{"line":70,"column":47}},"loc":{"start":{"line":70,"column":53},"end":{"line":70,"column":83}},"line":70}},"branchMap":{"0":{"loc":{"start":{"line":1,"column":67},"end":{"line":1,"column":null}},"type":"binary-expr","locations":[{"start":{"line":1,"column":67},"end":{"line":1,"column":null}},{"start":{"line":1,"column":72},"end":{"line":1,"column":null}}],"line":1},"1":{"loc":{"start":{"line":24,"column":2},"end":{"line":27,"column":null}},"type":"if","locations":[{"start":{"line":24,"column":2},"end":{"line":27,"column":null}},{"start":{},"end":{}}],"line":24},"2":{"loc":{"start":{"line":26,"column":20},"end":{"line":26,"column":71}},"type":"binary-expr","locations":[{"start":{"line":26,"column":20},"end":{"line":26,"column":31}},{"start":{"line":26,"column":35},"end":{"line":26,"column":71}}],"line":26},"3":{"loc":{"start":{"line":48,"column":2},"end":{"line":51,"column":null}},"type":"if","locations":[{"start":{"line":48,"column":2},"end":{"line":51,"column":null}},{"start":{},"end":{}}],"line":48},"4":{"loc":{"start":{"line":50,"column":20},"end":{"line":50,"column":71}},"type":"binary-expr","locations":[{"start":{"line":50,"column":20},"end":{"line":50,"column":31}},{"start":{"line":50,"column":35},"end":{"line":50,"column":71}}],"line":50},"5":{"loc":{"start":{"line":69,"column":2},"end":{"line":72,"column":null}},"type":"if","locations":[{"start":{"line":69,"column":2},"end":{"line":72,"column":null}},{"start":{},"end":{}}],"line":69},"6":{"loc":{"start":{"line":71,"column":20},"end":{"line":71,"column":70}},"type":"binary-expr","locations":[{"start":{"line":71,"column":20},"end":{"line":71,"column":31}},{"start":{"line":71,"column":35},"end":{"line":71,"column":70}}],"line":71}},"s":{"0":1,"1":0,"2":0,"3":0,"4":0,"5":0,"6":0,"7":0,"8":0,"9":0,"10":0,"11":0,"12":0,"13":0,"14":0,"15":0,"16":0,"17":0,"18":0,"19":0,"20":0,"21":0,"22":0,"23":0,"24":0},"f":{"0":0,"1":0,"2":0,"3":0,"4":0,"5":0},"b":{"0":[1,0],"1":[0,0],"2":[0,0],"3":[0,0],"4":[0,0],"5":[0,0],"6":[0,0]},"meta":{"lastBranch":7,"lastFunction":6,"lastStatement":25,"seen":{"s:1:67:1:Infinity":0,"b:1:67:1:Infinity:1:72:1:Infinity":0,"f:12:22:12:38":0,"s:13:19:13:48":1,"s:14:14:14:62":2,"s:16:19:16:33":3,"s:17:2:17:Infinity":4,"s:19:19:22:4":5,"b:24:2:27:Infinity:undefined:undefined:undefined:undefined":1,"s:24:2:27:Infinity":6,"s:25:18:25:85":7,"f:25:46:25:47":1,"s:25:53:25:83":8,"s:26:4:26:Infinity":9,"b:26:20:26:31:26:35:26:71":2,"s:29:2:29:Infinity":10,"f:38:22:38:36":2,"s:39:14:39:63":11,"s:41:19:46:4":12,"b:48:2:51:Infinity:undefined:undefined:undefined:undefined":3,"s:48:2:51:Infinity":13,"s:49:18:49:85":14,"f:49:46:49:47":3,"s:49:53:49:83":15,"s:50:4:50:Infinity":16,"b:50:20:50:31:50:35:50:71":4,"s:53:2:53:Infinity":17,"f:62:22:62:35":4,"s:63:14:63:62":18,"s:65:19:67:4":19,"b:69:2:72:Infinity:undefined:undefined:undefined:undefined":5,"s:69:2:72:Infinity":20,"s:70:18:70:85":21,"f:70:46:70:47":5,"s:70:53:70:83":22,"s:71:4:71:Infinity":23,"b:71:20:71:31:71:35:71:70":6,"s:74:2:74:Infinity":24}}}
,"/home/frandev/Documentos/Proyecto-Asignatura-Web/frontend/src/api/kpi.js": {"path":"/home/frandev/Documentos/Proyecto-Asignatura-Web/frontend/src/api/kpi.js","statementMap":{"0":{"start":{"line":1,"column":67},"end":{"line":1,"column":null}},"1":{"start":{"line":11,"column":2},"end":{"line":13,"column":null}},"2":{"start":{"line":12,"column":4},"end":{"line":12,"column":null}},"3":{"start":{"line":14,"column":2},"end":{"line":16,"column":null}},"4":{"start":{"line":15,"column":4},"end":{"line":15,"column":null}},"5":{"start":{"line":17,"column":2},"end":{"line":29,"column":null}},"6":{"start":{"line":18,"column":23},"end":{"line":18,"column":34}},"7":{"start":{"line":19,"column":4},"end":{"line":21,"column":null}},"8":{"start":{"line":20,"column":6},"end":{"line":20,"column":null}},"9":{"start":{"line":23,"column":4},"end":{"line":28,"column":null}},"10":{"start":{"line":24,"column":21},"end":{"line":24,"column":39}},"11":{"start":{"line":25,"column":6},"end":{"line":27,"column":null}},"12":{"start":{"line":26,"column":8},"end":{"line":26,"column":null}},"13":{"start":{"line":31,"column":2},"end":{"line":36,"column":null}},"14":{"start":{"line":32,"column":19},"end":{"line":32,"column":32}},"15":{"start":{"line":33,"column":4},"end":{"line":35,"column":null}},"16":{"start":{"line":34,"column":6},"end":{"line":34,"column":null}},"17":{"start":{"line":37,"column":2},"end":{"line":37,"column":null}},"18":{"start":{"line":46,"column":17},"end":{"line":46,"column":38}},"19":{"start":{"line":47,"column":2},"end":{"line":60,"column":null}},"20":{"start":{"line":48,"column":4},"end":{"line":59,"column":null}},"21":{"start":{"line":51,"column":6},"end":{"line":58,"column":null}},"22":{"start":{"line":52,"column":25},"end":{"line":52,"column":85}},"23":{"start":{"line":52,"column":43},"end":{"line":52,"column":84}},"24":{"start":{"line":53,"column":8},"end":{"line":55,"column":null}},"25":{"start":{"line":54,"column":10},"end":{"line":54,"column":null}},"26":{"start":{"line":57,"column":8},"end":{"line":57,"column":null}},"27":{"start":{"line":61,"column":13},"end":{"line":61,"column":30}},"28":{"start":{"line":62,"column":2},"end":{"line":62,"column":null}},"29":{"start":{"line":72,"column":22},"end":{"line":72,"column":47}},"30":{"start":{"line":73,"column":14},"end":{"line":73,"column":66}},"31":{"start":{"line":75,"column":19},"end":{"line":75,"column":35}},"32":{"start":{"line":77,"column":2},"end":{"line":80,"column":null}},"33":{"start":{"line":78,"column":18},"end":{"line":78,"column":85}},"34":{"start":{"line":78,"column":53},"end":{"line":78,"column":83}},"35":{"start":{"line":79,"column":4},"end":{"line":79,"column":null}},"36":{"start":{"line":82,"column":2},"end":{"line":82,"column":null}},"37":{"start":{"line":93,"column":14},"end":{"line":93,"column":56}},"38":{"start":{"line":94,"column":19},"end":{"line":94,"column":35}},"39":{"start":{"line":96,"column":2},"end":{"line":99,"column":null}},"40":{"start":{"line":97,"column":18},"end":{"line":97,"column":85}},"41":{"start":{"line":97,"column":53},"end":{"line":97,"column":83}},"42":{"start":{"line":98,"column":4},"end":{"line":98,"column":null}},"43":{"start":{"line":101,"column":2},"end":{"line":101,"column":null}},"44":{"start":{"line":106,"column":2},"end":{"line":106,"column":null}},"45":{"start":{"line":111,"column":2},"end":{"line":111,"column":null}},"46":{"start":{"line":116,"column":2},"end":{"line":116,"column":null}},"47":{"start":{"line":121,"column":2},"end":{"line":121,"column":null}},"48":{"start":{"line":126,"column":2},"end":{"line":126,"column":null}},"49":{"start":{"line":131,"column":2},"end":{"line":131,"column":null}},"50":{"start":{"line":136,"column":2},"end":{"line":136,"column":null}},"51":{"start":{"line":141,"column":2},"end":{"line":141,"column":null}},"52":{"start":{"line":146,"column":2},"end":{"line":146,"column":null}},"53":{"start":{"line":151,"column":2},"end":{"line":151,"column":null}},"54":{"start":{"line":156,"column":2},"end":{"line":156,"column":null}},"55":{"start":{"line":161,"column":2},"end":{"line":161,"column":null}},"56":{"start":{"line":166,"column":2},"end":{"line":166,"column":null}},"57":{"start":{"line":171,"column":2},"end":{"line":171,"column":null}},"58":{"start":{"line":183,"column":2},"end":{"line":185,"column":null}},"59":{"start":{"line":184,"column":4},"end":{"line":184,"column":null}},"60":{"start":{"line":187,"column":23},"end":{"line":203,"column":3}},"61":{"start":{"line":205,"column":21},"end":{"line":205,"column":23}},"62":{"start":{"line":207,"column":2},"end":{"line":224,"column":null}},"63":{"start":{"line":208,"column":4},"end":{"line":223,"column":null}},"64":{"start":{"line":209,"column":23},"end":{"line":209,"column":40}},"65":{"start":{"line":210,"column":6},"end":{"line":214,"column":null}},"66":{"start":{"line":211,"column":8},"end":{"line":211,"column":null}},"67":{"start":{"line":213,"column":8},"end":{"line":213,"column":null}},"68":{"start":{"line":215,"column":11},"end":{"line":223,"column":null}},"69":{"start":{"line":216,"column":6},"end":{"line":220,"column":null}},"70":{"start":{"line":217,"column":8},"end":{"line":217,"column":null}},"71":{"start":{"line":219,"column":8},"end":{"line":219,"column":null}},"72":{"start":{"line":222,"column":6},"end":{"line":222,"column":null}},"73":{"start":{"line":226,"column":2},"end":{"line":226,"column":null}},"74":{"start":{"line":236,"column":19},"end":{"line":236,"column":33}},"75":{"start":{"line":237,"column":2},"end":{"line":237,"column":null}},"76":{"start":{"line":239,"column":19},"end":{"line":242,"column":4}},"77":{"start":{"line":244,"column":2},"end":{"line":247,"column":null}},"78":{"start":{"line":245,"column":18},"end":{"line":245,"column":81}},"79":{"start":{"line":245,"column":53},"end":{"line":245,"column":79}},"80":{"start":{"line":246,"column":4},"end":{"line":246,"column":null}},"81":{"start":{"line":249,"column":15},"end":{"line":249,"column":36}},"82":{"start":{"line":250,"column":2},"end":{"line":250,"column":null}},"83":{"start":{"line":263,"column":17},"end":{"line":278,"column":3}},"84":{"start":{"line":280,"column":18},"end":{"line":283,"column":4}},"85":{"start":{"line":280,"column":60},"end":{"line":283,"column":3}},"86":{"start":{"line":282,"column":32},"end":{"line":282,"column":54}},"87":{"start":{"line":285,"column":18},"end":{"line":285,"column":69}},"88":{"start":{"line":285,"column":66},"end":{"line":285,"column":67}},"89":{"start":{"line":288,"column":15},"end":{"line":288,"column":17}},"90":{"start":{"line":289,"column":2},"end":{"line":296,"column":null}},"91":{"start":{"line":290,"column":19},"end":{"line":290,"column":29}},"92":{"start":{"line":291,"column":4},"end":{"line":295,"column":null}},"93":{"start":{"line":292,"column":6},"end":{"line":292,"column":null}},"94":{"start":{"line":294,"column":6},"end":{"line":294,"column":null}},"95":{"start":{"line":298,"column":2},"end":{"line":298,"column":null}}},"fnMap":{"0":{"name":"unwrapScalarKpiValue","decl":{"start":{"line":10,"column":9},"end":{"line":10,"column":29}},"loc":{"start":{"line":10,"column":37},"end":{"line":38,"column":null}},"line":10},"1":{"name":"buildQueryString","decl":{"start":{"line":45,"column":9},"end":{"line":45,"column":25}},"loc":{"start":{"line":45,"column":40},"end":{"line":63,"column":null}},"line":45},"2":{"name":"(anonymous_2)","decl":{"start":{"line":47,"column":34},"end":{"line":47,"column":35}},"loc":{"start":{"line":47,"column":52},"end":{"line":60,"column":3}},"line":47},"3":{"name":"(anonymous_3)","decl":{"start":{"line":52,"column":38},"end":{"line":52,"column":39}},"loc":{"start":{"line":52,"column":43},"end":{"line":52,"column":84}},"line":52},"4":{"name":"fetchKpi","decl":{"start":{"line":71,"column":22},"end":{"line":71,"column":30}},"loc":{"start":{"line":71,"column":55},"end":{"line":83,"column":null}},"line":71},"5":{"name":"(anonymous_5)","decl":{"start":{"line":78,"column":46},"end":{"line":78,"column":47}},"loc":{"start":{"line":78,"column":53},"end":{"line":78,"column":83}},"line":78},"6":{"name":"getFilterOptions","decl":{"start":{"line":92,"column":22},"end":{"line":92,"column":38}},"loc":{"start":{"line":92,"column":41},"end":{"line":102,"column":null}},"line":92},"7":{"name":"(anonymous_7)","decl":{"start":{"line":97,"column":46},"end":{"line":97,"column":47}},"loc":{"start":{"line":97,"column":53},"end":{"line":97,"column":83}},"line":97},"8":{"name":"getAqlByStyle","decl":{"start":{"line":105,"column":22},"end":{"line":105,"column":35}},"loc":{"start":{"line":105,"column":45},"end":{"line":107,"column":null}},"line":105},"9":{"name":"getAqlWeekly","decl":{"start":{"line":110,"column":22},"end":{"line":110,"column":34}},"loc":{"start":{"line":110,"column":44},"end":{"line":112,"column":null}},"line":110},"10":{"name":"getAuditedPieces","decl":{"start":{"line":115,"column":22},"end":{"line":115,"column":38}},"loc":{"start":{"line":115,"column":48},"end":{"line":117,"column":null}},"line":115},"11":{"name":"getAcReRateByLine","decl":{"start":{"line":120,"column":22},"end":{"line":120,"column":39}},"loc":{"start":{"line":120,"column":49},"end":{"line":122,"column":null}},"line":120},"12":{"name":"getSecondsRework","decl":{"start":{"line":125,"column":22},"end":{"line":125,"column":38}},"loc":{"start":{"line":125,"column":48},"end":{"line":127,"column":null}},"line":125},"13":{"name":"getPerformanceByCustomer","decl":{"start":{"line":130,"column":22},"end":{"line":130,"column":46}},"loc":{"start":{"line":130,"column":56},"end":{"line":132,"column":null}},"line":130},"14":{"name":"getPerformanceByLine","decl":{"start":{"line":135,"column":22},"end":{"line":135,"column":42}},"loc":{"start":{"line":135,"column":52},"end":{"line":137,"column":null}},"line":135},"15":{"name":"getTopDefects","decl":{"start":{"line":140,"column":22},"end":{"line":140,"column":35}},"loc":{"start":{"line":140,"column":45},"end":{"line":142,"column":null}},"line":140},"16":{"name":"getFabricDefects","decl":{"start":{"line":145,"column":22},"end":{"line":145,"column":38}},"loc":{"start":{"line":145,"column":48},"end":{"line":147,"column":null}},"line":145},"17":{"name":"getDefectsByStyleType","decl":{"start":{"line":150,"column":22},"end":{"line":150,"column":43}},"loc":{"start":{"line":150,"column":53},"end":{"line":152,"column":null}},"line":150},"18":{"name":"getPassRejectDistribution","decl":{"start":{"line":155,"column":22},"end":{"line":155,"column":47}},"loc":{"start":{"line":155,"column":57},"end":{"line":157,"column":null}},"line":155},"19":{"name":"getRejectedEvolution","decl":{"start":{"line":160,"column":22},"end":{"line":160,"column":42}},"loc":{"start":{"line":160,"column":52},"end":{"line":162,"column":null}},"line":160},"20":{"name":"getContainersByState","decl":{"start":{"line":165,"column":22},"end":{"line":165,"column":42}},"loc":{"start":{"line":165,"column":52},"end":{"line":167,"column":null}},"line":165},"21":{"name":"getDefectRate","decl":{"start":{"line":170,"column":22},"end":{"line":170,"column":35}},"loc":{"start":{"line":170,"column":45},"end":{"line":172,"column":null}},"line":170},"22":{"name":"normalizeVolatileResponse","decl":{"start":{"line":182,"column":9},"end":{"line":182,"column":34}},"loc":{"start":{"line":182,"column":45},"end":{"line":227,"column":null}},"line":182},"23":{"name":"fetchVolatileKpis","decl":{"start":{"line":235,"column":22},"end":{"line":235,"column":39}},"loc":{"start":{"line":235,"column":46},"end":{"line":251,"column":null}},"line":235},"24":{"name":"(anonymous_24)","decl":{"start":{"line":245,"column":46},"end":{"line":245,"column":47}},"loc":{"start":{"line":245,"column":53},"end":{"line":245,"column":79}},"line":245},"25":{"name":"fetchAllKpis","decl":{"start":{"line":262,"column":22},"end":{"line":262,"column":34}},"loc":{"start":{"line":262,"column":49},"end":{"line":299,"column":null}},"line":262},"26":{"name":"(anonymous_26)","decl":{"start":{"line":280,"column":45},"end":{"line":280,"column":46}},"loc":{"start":{"line":280,"column":60},"end":{"line":283,"column":3}},"line":280},"27":{"name":"(anonymous_27)","decl":{"start":{"line":282,"column":22},"end":{"line":282,"column":23}},"loc":{"start":{"line":282,"column":32},"end":{"line":282,"column":54}},"line":282},"28":{"name":"(anonymous_28)","decl":{"start":{"line":285,"column":55},"end":{"line":285,"column":56}},"loc":{"start":{"line":285,"column":66},"end":{"line":285,"column":67}},"line":285},"29":{"name":"(anonymous_29)","decl":{"start":{"line":289,"column":18},"end":{"line":289,"column":19}},"loc":{"start":{"line":289,"column":32},"end":{"line":296,"column":3}},"line":289}},"branchMap":{"0":{"loc":{"start":{"line":1,"column":67},"end":{"line":1,"column":null}},"type":"binary-expr","locations":[{"start":{"line":1,"column":67},"end":{"line":1,"column":null}},{"start":{"line":1,"column":72},"end":{"line":1,"column":null}}],"line":1},"1":{"loc":{"start":{"line":11,"column":2},"end":{"line":13,"column":null}},"type":"if","locations":[{"start":{"line":11,"column":2},"end":{"line":13,"column":null}},{"start":{},"end":{}}],"line":11},"2":{"loc":{"start":{"line":11,"column":6},"end":{"line":11,"column":43}},"type":"binary-expr","locations":[{"start":{"line":11,"column":6},"end":{"line":11,"column":20}},{"start":{"line":11,"column":24},"end":{"line":11,"column":43}}],"line":11},"3":{"loc":{"start":{"line":14,"column":2},"end":{"line":16,"column":null}},"type":"if","locations":[{"start":{"line":14,"column":2},"end":{"line":16,"column":null}},{"start":{},"end":{}}],"line":14},"4":{"loc":{"start":{"line":14,"column":6},"end":{"line":14,"column":57}},"type":"binary-expr","locations":[{"start":{"line":14,"column":6},"end":{"line":14,"column":31}},{"start":{"line":14,"column":35},"end":{"line":14,"column":57}}],"line":14},"5":{"loc":{"start":{"line":17,"column":2},"end":{"line":29,"column":null}},"type":"if","locations":[{"start":{"line":17,"column":2},"end":{"line":29,"column":null}},{"start":{},"end":{}}],"line":17},"6":{"loc":{"start":{"line":17,"column":6},"end":{"line":17,"column":49}},"type":"binary-expr","locations":[{"start":{"line":17,"column":6},"end":{"line":17,"column":31}},{"start":{"line":17,"column":35},"end":{"line":17,"column":49}}],"line":17},"7":{"loc":{"start":{"line":19,"column":4},"end":{"line":21,"column":null}},"type":"if","locations":[{"start":{"line":19,"column":4},"end":{"line":21,"column":null}},{"start":{},"end":{}}],"line":19},"8":{"loc":{"start":{"line":19,"column":8},"end":{"line":19,"column":69}},"type":"binary-expr","locations":[{"start":{"line":19,"column":8},"end":{"line":19,"column":38}},{"start":{"line":19,"column":42},"end":{"line":19,"column":69}}],"line":19},"9":{"loc":{"start":{"line":23,"column":4},"end":{"line":28,"column":null}},"type":"if","locations":[{"start":{"line":23,"column":4},"end":{"line":28,"column":null}},{"start":{},"end":{}}],"line":23},"10":{"loc":{"start":{"line":25,"column":6},"end":{"line":27,"column":null}},"type":"if","locations":[{"start":{"line":25,"column":6},"end":{"line":27,"column":null}},{"start":{},"end":{}}],"line":25},"11":{"loc":{"start":{"line":31,"column":2},"end":{"line":36,"column":null}},"type":"if","locations":[{"start":{"line":31,"column":2},"end":{"line":36,"column":null}},{"start":{},"end":{}}],"line":31},"12":{"loc":{"start":{"line":33,"column":4},"end":{"line":35,"column":null}},"type":"if","locations":[{"start":{"line":33,"column":4},"end":{"line":35,"column":null}},{"start":{},"end":{}}],"line":33},"13":{"loc":{"start":{"line":45,"column":26},"end":{"line":45,"column":38}},"type":"default-arg","locations":[{"start":{"line":45,"column":36},"end":{"line":45,"column":38}}],"line":45},"14":{"loc":{"start":{"line":48,"column":4},"end":{"line":59,"column":null}},"type":"if","locations":[{"start":{"line":48,"column":4},"end":{"line":59,"column":null}},{"start":{},"end":{}}],"line":48},"15":{"loc":{"start":{"line":48,"column":8},"end":{"line":48,"column":61}},"type":"binary-expr","locations":[{"start":{"line":48,"column":8},"end":{"line":48,"column":27}},{"start":{"line":48,"column":31},"end":{"line":48,"column":45}},{"start":{"line":48,"column":49},"end":{"line":48,"column":61}}],"line":48},"16":{"loc":{"start":{"line":51,"column":6},"end":{"line":58,"column":null}},"type":"if","locations":[{"start":{"line":51,"column":6},"end":{"line":58,"column":null}},{"start":{"line":56,"column":13},"end":{"line":58,"column":null}}],"line":51},"17":{"loc":{"start":{"line":52,"column":43},"end":{"line":52,"column":84}},"type":"binary-expr","locations":[{"start":{"line":52,"column":43},"end":{"line":52,"column":51}},{"start":{"line":52,"column":55},"end":{"line":52,"column":65}},{"start":{"line":52,"column":69},"end":{"line":52,"column":84}}],"line":52},"18":{"loc":{"start":{"line":53,"column":8},"end":{"line":55,"column":null}},"type":"if","locations":[{"start":{"line":53,"column":8},"end":{"line":55,"column":null}},{"start":{},"end":{}}],"line":53},"19":{"loc":{"start":{"line":62,"column":9},"end":{"line":62,"column":27}},"type":"cond-expr","locations":[{"start":{"line":62,"column":14},"end":{"line":62,"column":22}},{"start":{"line":62,"column":25},"end":{"line":62,"column":27}}],"line":62},"20":{"loc":{"start":{"line":71,"column":41},"end":{"line":71,"column":53}},"type":"default-arg","locations":[{"start":{"line":71,"column":51},"end":{"line":71,"column":53}}],"line":71},"21":{"loc":{"start":{"line":77,"column":2},"end":{"line":80,"column":null}},"type":"if","locations":[{"start":{"line":77,"column":2},"end":{"line":80,"column":null}},{"start":{},"end":{}}],"line":77},"22":{"loc":{"start":{"line":79,"column":20},"end":{"line":79,"column":73}},"type":"binary-expr","locations":[{"start":{"line":79,"column":20},"end":{"line":79,"column":31}},{"start":{"line":79,"column":35},"end":{"line":79,"column":73}}],"line":79},"23":{"loc":{"start":{"line":96,"column":2},"end":{"line":99,"column":null}},"type":"if","locations":[{"start":{"line":96,"column":2},"end":{"line":99,"column":null}},{"start":{},"end":{}}],"line":96},"24":{"loc":{"start":{"line":98,"column":20},"end":{"line":98,"column":84}},"type":"binary-expr","locations":[{"start":{"line":98,"column":20},"end":{"line":98,"column":31}},{"start":{"line":98,"column":35},"end":{"line":98,"column":84}}],"line":98},"25":{"loc":{"start":{"line":183,"column":2},"end":{"line":185,"column":null}},"type":"if","locations":[{"start":{"line":183,"column":2},"end":{"line":185,"column":null}},{"start":{},"end":{}}],"line":183},"26":{"loc":{"start":{"line":183,"column":6},"end":{"line":183,"column":47}},"type":"binary-expr","locations":[{"start":{"line":183,"column":6},"end":{"line":183,"column":15}},{"start":{"line":183,"column":19},"end":{"line":183,"column":47}}],"line":183},"27":{"loc":{"start":{"line":208,"column":4},"end":{"line":223,"column":null}},"type":"if","locations":[{"start":{"line":208,"column":4},"end":{"line":223,"column":null}},{"start":{"line":215,"column":11},"end":{"line":223,"column":null}}],"line":208},"28":{"loc":{"start":{"line":210,"column":6},"end":{"line":214,"column":null}},"type":"if","locations":[{"start":{"line":210,"column":6},"end":{"line":214,"column":null}},{"start":{"line":212,"column":13},"end":{"line":214,"column":null}}],"line":210},"29":{"loc":{"start":{"line":215,"column":11},"end":{"line":223,"column":null}},"type":"if","locations":[{"start":{"line":215,"column":11},"end":{"line":223,"column":null}},{"start":{"line":221,"column":11},"end":{"line":223,"column":null}}],"line":215},"30":{"loc":{"start":{"line":216,"column":6},"end":{"line":220,"column":null}},"type":"if","locations":[{"start":{"line":216,"column":6},"end":{"line":220,"column":null}},{"start":{"line":218,"column":13},"end":{"line":220,"column":null}}],"line":216},"31":{"loc":{"start":{"line":244,"column":2},"end":{"line":247,"column":null}},"type":"if","locations":[{"start":{"line":244,"column":2},"end":{"line":247,"column":null}},{"start":{},"end":{}}],"line":244},"32":{"loc":{"start":{"line":246,"column":20},"end":{"line":246,"column":60}},"type":"binary-expr","locations":[{"start":{"line":246,"column":20},"end":{"line":246,"column":31}},{"start":{"line":246,"column":35},"end":{"line":246,"column":60}}],"line":246},"33":{"loc":{"start":{"line":262,"column":35},"end":{"line":262,"column":47}},"type":"default-arg","locations":[{"start":{"line":262,"column":45},"end":{"line":262,"column":47}}],"line":262},"34":{"loc":{"start":{"line":291,"column":4},"end":{"line":295,"column":null}},"type":"if","locations":[{"start":{"line":291,"column":4},"end":{"line":295,"column":null}},{"start":{"line":293,"column":11},"end":{"line":295,"column":null}}],"line":291},"35":{"loc":{"start":{"line":294,"column":27},"end":{"line":294,"column":68}},"type":"binary-expr","locations":[{"start":{"line":294,"column":27},"end":{"line":294,"column":49}},{"start":{"line":294,"column":53},"end":{"line":294,"column":68}}],"line":294}},"s":{"0":1,"1":7,"2":1,"3":6,"4":3,"5":3,"6":3,"7":3,"8":2,"9":1,"10":1,"11":1,"12":0,"13":1,"14":0,"15":0,"16":0,"17":1,"18":0,"19":0,"20":0,"21":0,"22":0,"23":0,"24":0,"25":0,"26":0,"27":0,"28":0,"29":0,"30":0,"31":0,"32":0,"33":0,"34":0,"35":0,"36":0,"37":2,"38":2,"39":2,"40":1,"41":0,"42":1,"43":1,"44":0,"45":0,"46":0,"47":0,"48":0,"49":0,"50":0,"51":0,"52":0,"53":0,"54":0,"55":0,"56":0,"57":0,"58":10,"59":0,"60":10,"61":10,"62":10,"63":49,"64":46,"65":46,"66":6,"67":40,"68":3,"69":3,"70":1,"71":2,"72":0,"73":10,"74":11,"75":11,"76":11,"77":11,"78":1,"79":0,"80":1,"81":10,"82":10,"83":0,"84":0,"85":0,"86":0,"87":0,"88":0,"89":0,"90":0,"91":0,"92":0,"93":0,"94":0,"95":0},"f":{"0":7,"1":0,"2":0,"3":0,"4":0,"5":0,"6":2,"7":0,"8":0,"9":0,"10":0,"11":0,"12":0,"13":0,"14":0,"15":0,"16":0,"17":0,"18":0,"19":0,"20":0,"21":0,"22":10,"23":11,"24":0,"25":0,"26":0,"27":0,"28":0,"29":0},"b":{"0":[1,0],"1":[1,6],"2":[7,6],"3":[3,3],"4":[6,3],"5":[3,0],"6":[3,3],"7":[2,1],"8":[3,2],"9":[1,0],"10":[0,1],"11":[0,1],"12":[0,0],"13":[0],"14":[0,0],"15":[0,0,0],"16":[0,0],"17":[0,0,0],"18":[0,0],"19":[0,0],"20":[0],"21":[0,0],"22":[0,0],"23":[1,1],"24":[1,0],"25":[0,10],"26":[10,10],"27":[46,3],"28":[6,40],"29":[3,0],"30":[1,2],"31":[1,10],"32":[1,0],"33":[0],"34":[0,0],"35":[0,0]},"meta":{"lastBranch":36,"lastFunction":30,"lastStatement":96,"seen":{"s:1:67:1:Infinity":0,"b:1:67:1:Infinity:1:72:1:Infinity":0,"f:10:9:10:29":0,"b:11:2:13:Infinity:undefined:undefined:undefined:undefined":1,"s:11:2:13:Infinity":1,"b:11:6:11:20:11:24:11:43":2,"s:12:4:12:Infinity":2,"b:14:2:16:Infinity:undefined:undefined:undefined:undefined":3,"s:14:2:16:Infinity":3,"b:14:6:14:31:14:35:14:57":4,"s:15:4:15:Infinity":4,"b:17:2:29:Infinity:undefined:undefined:undefined:undefined":5,"s:17:2:29:Infinity":5,"b:17:6:17:31:17:35:17:49":6,"s:18:23:18:34":6,"b:19:4:21:Infinity:undefined:undefined:undefined:undefined":7,"s:19:4:21:Infinity":7,"b:19:8:19:38:19:42:19:69":8,"s:20:6:20:Infinity":8,"b:23:4:28:Infinity:undefined:undefined:undefined:undefined":9,"s:23:4:28:Infinity":9,"s:24:21:24:39":10,"b:25:6:27:Infinity:undefined:undefined:undefined:undefined":10,"s:25:6:27:Infinity":11,"s:26:8:26:Infinity":12,"b:31:2:36:Infinity:undefined:undefined:undefined:undefined":11,"s:31:2:36:Infinity":13,"s:32:19:32:32":14,"b:33:4:35:Infinity:undefined:undefined:undefined:undefined":12,"s:33:4:35:Infinity":15,"s:34:6:34:Infinity":16,"s:37:2:37:Infinity":17,"f:45:9:45:25":1,"b:45:36:45:38":13,"s:46:17:46:38":18,"s:47:2:60:Infinity":19,"f:47:34:47:35":2,"b:48:4:59:Infinity:undefined:undefined:undefined:undefined":14,"s:48:4:59:Infinity":20,"b:48:8:48:27:48:31:
[...]
6,"96":26,"97":11,"98":11,"99":11,"100":11,"101":11,"102":11,"103":0,"104":0,"105":0,"106":11,"107":26,"108":12,"109":11,"110":26,"111":12,"112":1,"113":11,"114":11,"115":11,"116":0,"117":11,"118":11,"119":26,"120":12,"121":11,"122":1,"123":1,"124":1,"125":1,"126":1,"127":1,"128":1,"129":0,"130":0,"131":1,"132":1,"133":26,"134":0,"135":26,"136":0,"137":26,"138":0,"139":0,"140":0,"141":0,"142":26,"143":0,"144":26,"145":26,"146":26,"147":26,"148":26,"149":26,"150":26,"151":26,"152":26,"153":26,"154":26,"155":26,"156":26,"157":26,"158":26,"159":26,"160":26,"161":364,"162":26,"163":26,"164":0,"165":0,"166":0,"167":0,"168":0,"169":0,"170":0,"171":0,"172":0,"173":0,"174":0},"f":{"0":0,"1":26,"2":0,"3":26,"4":0,"5":0,"6":26,"7":0,"8":26,"9":0,"10":26,"11":0,"12":26,"13":0,"14":26,"15":1,"16":26,"17":1,"18":26,"19":0,"20":26,"21":5,"22":26,"23":0,"24":26,"25":0,"26":26,"27":0,"28":0,"29":0,"30":0,"31":0,"32":0,"33":1,"34":0,"35":0,"36":52,"37":0,"38":0,"39":0,"40":26,"41":11,"42":12,"43":12,"44":11,"45":12,"46":1,"47":0,"48":0,"49":0,"50":0,"51":364,"52":0,"53":0,"54":0,"55":0,"56":0,"57":0,"58":0,"59":0,"60":0,"61":0,"62":0},"b":{"0":[0,0],"1":[0,0],"2":[26,0],"3":[26,0],"4":[0,0],"5":[26,0],"6":[26,0],"7":[0,0],"8":[0,0],"9":[26,0],"10":[26,0],"11":[0,0],"12":[26,0],"13":[26,0],"14":[0,0],"15":[26,0],"16":[26,0],"17":[0,0],"18":[26,0],"19":[26,0],"20":[0,0],"21":[25,1],"22":[26,1],"23":[1,1],"24":[25,1],"25":[26,1],"26":[1,1],"27":[26,0],"28":[26,0],"29":[0,0],"30":[25,1],"31":[26,1],"32":[1,1],"33":[26,0],"34":[26,0],"35":[0,0],"36":[26,0],"37":[26,0],"38":[0,0],"39":[26,0],"40":[26,0],"41":[0,0],"42":[0,0],"43":[0,0],"44":[0,0],"45":[0,0],"46":[52,0],"47":[0,0],"48":[26,26],"49":[11],"50":[11,0],"51":[0,0],"52":[11,1],"53":[1,11],"54":[11,1],"55":[0,1],"56":[0,0],"57":[0,0],"58":[364,3,3],"59":[12,14],"60":[26,24],"61":[26,2],"62":[0,26],"63":[26,0],"64":[26,0],"65":[26,0],"66":[26,0],"67":[26,0],"68":[26,0],"69":[26,0],"70":[26,0],"71":[26,0],"72":[25,1],"73":[25,1],"74":[26,0],"75":[25,1],"76":[26,0],"77":[26,0]},"meta":{"lastBranch":78,"lastFunction":63,"lastStatement":175,"seen":{"f:21:9:21:26":0,"b:22:2:39:Infinity:undefined:undefined:undefined:undefined":0,"s:22:2:39:Infinity":0,"b:22:6:22:15:22:15:22:34":1,"s:23:4:38:Infinity":1,"s:41:2:56:Infinity":2,"f:63:9:63:29":1,"b:64:2:64:Infinity:undefined:undefined:undefined:undefined":2,"s:64:2:64:Infinity":3,"b:64:6:64:15:64:15:64:25":3,"s:64:27:64:Infinity":4,"s:65:2:68:Infinity":5,"b:65:10:65:21:65:25:65:28":4,"f:65:35:65:44":2,"s:65:44:68:Infinity":6,"f:75:9:75:29":3,"b:76:2:76:Infinity:undefined:undefined:undefined:undefined":5,"s:76:2:76:Infinity":7,"b:76:6:76:15:76:15:76:25":6,"s:76:27:76:Infinity":8,"s:77:14:77:Infinity":9,"b:77:14:77:23:77:27:77:Infinity":7,"s:78:2:84:Infinity":10,"f:79:9:79:18":4,"s:79:18:82:Infinity":11,"b:81:13:81:35:81:35:81:Infinity":8,"f:83:12:83:13":5,"s:83:22:83:Infinity":12,"f:91:9:91:28":6,"b:92:2:92:Infinity:undefined:undefined:undefined:undefined":9,"s:92:2:92:Infinity":13,"b:92:6:92:15:92:15:92:25":10,"s:92:27:92:Infinity":14,"s:93:14:93:Infinity":15,"b:93:14:93:23:93:27:93:Infinity":11,"s:94:2:97:Infinity":16,"f:94:17:94:28":7,"s:94:28:97:Infinity":17,"f:104:9:104:32":8,"b:105:2:105:Infinity:undefined:undefined:undefined:undefined":12,"s:105:2:105:Infinity":18,"b:105:6:105:15:105:15:105:25":13,"s:105:27:105:Infinity":19,"s:106:14:106:Infinity":20,"b:106:14:106:23:106:27:106:Infinity":14,"s:107:2:110:Infinity":21,"f:107:17:107:28":9,"s:107:28:110:Infinity":22,"f:117:9:117:36":10,"b:118:2:118:Infinity:undefined:undefined:undefined:undefined":15,"s:118:2:118:Infinity":23,"b:118:6:118:15:118:15:118:25":16,"s:118:27:118:Infinity":24,"s:119:14:119:Infinity":25,"b:119:14:119:23:119:27:119:Infinity":17,"s:120:2:123:Infinity":26,"f:120:17:120:28":11,"s:120:28:123:Infinity":27,"f:130:9:130:33":12,"b:131:2:131:Infinity:undefined:undefined:undefined:undefined":18,"s:131:2:131:Infinity":28,"b:131:6:131:15:131:15:131:25":19,"s:131:27:131:Infinity":29,"s:132:2:135:Infinity":30,"b:132:10:132:21:132:25:132:28":20,"f:132:35:132:44":13,"s:132:44:135:Infinity":31,"f:142:9:142:40":14,"b:143:2:143:Infinity:undefined:undefined:undefined:undefined":21,"s:143:2:143:Infinity":32,"b:143:6:143:15:143:15:143:25":22,"s:143:27:143:Infinity":33,"s:144:2:147:Infinity":34,"b:144:10:144:21:144:25:144:28":23,"f:144:35:144:44":15,"s:144:44:147:Infinity":35,"f:154:9:154:36":16,"b:155:2:155:Infinity:undefined:undefined:undefined:undefined":24,"s:155:2:155:Infinity":36,"b:155:6:155:15:155:15:155:25":25,"s:155:27:155:Infinity":37,"s:156:2:159:Infinity":38,"b:156:10:156:21:156:25:156:28":26,"f:156:35:156:44":17,"s:156:44:159:Infinity":39,"f:166:9:166:29":18,"b:167:2:167:Infinity:undefined:undefined:undefined:undefined":27,"s:167:2:167:Infinity":40,"b:167:6:167:15:167:15:167:25":28,"s:167:27:167:Infinity":41,"s:168:2:171:Infinity":42,"b:168:10:168:21:168:25:168:28":29,"f:168:35:168:44":19,"s:168:44:171:Infinity":43,"f:178:9:178:32":20,"b:179:2:179:Infinity:undefined:undefined:undefined:undefined":30,"s:179:2:179:Infinity":44,"b:179:6:179:15:179:15:179:25":31,"s:179:27:179:Infinity":45,"s:180:2:183:Infinity":46,"b:180:10:180:21:180:25:180:28":32,"f:180:35:180:44":21,"s:180:44:183:Infinity":47,"f:190:9:190:36":22,"b:191:2:191:Infinity:undefined:undefined:undefined:undefined":33,"s:191:2:191:Infinity":48,"b:191:6:191:15:191:15:191:25":34,"s:191:27:191:Infinity":49,"s:192:2:195:Infinity":50,"b:192:10:192:21:192:25:192:28":35,"f:192:35:192:44":23,"s:192:44:195:Infinity":51,"f:202:9:202:37":24,"b:203:2:203:Infinity:undefined:undefined:undefined:undefined":36,"s:203:2:203:Infinity":52,"b:203:6:203:15:203:15:203:25":37,"s:203:27:203:Infinity":53,"s:204:2:208:Infinity":54,"b:204:10:204:21:204:25:204:28":38,"f:204:35:204:44":25,"s:204:44:208:Infinity":55,"f:215:9:215:32":26,"b:216:2:216:Infinity:undefined:undefined:undefined:undefined":39,"s:216:2:216:Infinity":56,"b:216:6:216:15:216:15:216:25":40,"s:216:27:216:Infinity":57,"s:217:2:220:Infinity":58,"b:217:10:217:21:217:25:217:28":41,"f:217:35:217:46":27,"s:217:46:220:Infinity":59,"s:223:22:223:63":60,"f:223:22:223:23":28,"s:223:33:223:63":61,"s:224:21:224:69":62,"f:224:21:224:22":29,"s:224:32:224:69":63,"s:225:20:225:68":64,"f:225:20:225:21":30,"s:225:31:225:68":65,"s:226:22:226:66":66,"f:226:22:226:23":31,"s:226:33:226:66":67,"s:227:24:227:52":68,"f:227:24:227:25":32,"s:227:35:227:52":69,"s:228:30:228:74":70,"f:228:30:228:31":33,"s:228:41:228:74":71,"s:229:26:232:Infinity":72,"f:229:26:229:27":34,"s:230:15:230:Infinity":73,"b:230:22:230:31:230:31:230:Infinity":42,"s:231:2:231:Infinity":74,"b:231:28:231:51:231:54:231:Infinity":43,"s:234:28:245:Infinity":75,"f:234:28:234:29":35,"s:235:14:235:Infinity":76,"b:235:21:235:30:235:30:235:Infinity":44,"s:236:16:236:Infinity":77,"b:237:2:239:Infinity:undefined:undefined:undefined:undefined":45,"s:237:2:239:Infinity":78,"s:238:4:238:Infinity":79,"s:241:2:244:Infinity":80,"s:247:34:261:Infinity":81,"f:247:34:247:35":36,"b:248:2:248:Infinity:undefined:undefined:undefined:undefined":46,"s:248:2:248:Infinity":82,"s:248:28:248:Infinity":83,"s:250:2:260:Infinity":84,"f:251:9:251:10":37,"s:252:30:252:Infinity":85,"s:253:6:257:Infinity":86,"b:256:15:256:37:256:37:256:Infinity":47,"f:259:12:259:13":38,"s:259:22:259:Infinity":87,"f:260:9:260:10":39,"s:260:20:260:Infinity":88,"f:263:24:263:38":40,"s:267:21:267:Infinity":89,"b:267:21:267:38:267:38:267:Infinity":48,"s:268:29:268:Infinity":90,"s:270:29:278:Infinity":91,"s:280:29:280:Infinity":92,"s:281:29:281:Infinity":93,"s:282:25:282:Infinity":94,"s:283:41:283:Infinity":95,"s:285:8:302:Infinity":96,"f:285:31:285:38":41,"b:285:54:285:61":49,"s:286:4:286:Infinity":97,"s:287:4:287:Infinity":98,"s:289:4:301:Infinity":99,"b:290:6:296:Infinity:293:13:296:Infinity":50,"s:290:6:296:Infinity":100,"s:291:23:291:Infinity":101,"s:292:8:292:Infinity":102,"s:294:23:294:Infinity":103,"s:295:8:295:Infinity":104,"s:298:6:298:Infinity":105,"b:298:15:298:26:298:30:298:Infinity":51,"s:300:6:300:Infinity":106,"s:304:2:308:Infinity":107,"f:304:12:304:Infinity":42,"b:305:4:307:Infinity:undefined:undefined:undefined:undefined":52,"s:305:4:307:Infinity":108,"s:306:6:306:Infinity":109,"s:311:2:324:Infinity":110,"f:311:12:311:Infinity":43,"b:312:4:312:Infinity:undefined:undefined:undefined:undefined":53,"s:312:4:312:Infinity":111,"s:312:21:312:Infinity":112,"s:314:25:321:Infinity":113,"f:314:25:314:Infinity":44,"s:315:6:320:Infinity":114,"s:316:24:316:Infinity":115,"s:317:8:317:Infinity":116,"s:319:8:319:Infinity":117,"s:323:4:323:Infinity":118,"s:327:2:347:Infinity":119,"f:327:12:327:Infinity":45,"b:328:4:328:Infinity:undefined:undefined:undefined:undefined":54,"s:328:4:328:Infinity":120,"s:328:23:328:Infinity":121,"s:330:26:344:Infinity":122,"f:330:26:330:Infinity":46,"s:331:6:331:Infinity":123,"s:332:6:332:Infinity":124,"s:333:6:343:Infinity":125,"s:334:23:334:Infinity":126,"s:335:8:335:Infinity":127,"b:336:8:338:Infinity:undefined:undefined:undefined:undefined":55,"s:336:8:338:Infinity":128,"s:337:10:337:Infinity":129,"s:340:8:340:Infinity":130,"b:340:17:340:28:340:32:340:Infinity":56,"s:342:8:342:Infinity":131,"s:346:4:346:Infinity":132,"s:349:8:351:Infinity":133,"f:349:41:349:42":47,"s:350:4:350:Infinity":134,"s:353:8:355:Infinity":135,"f:353:34:353:Infinity":48,"s:354:4:354:Infinity":136,"s:357:8:371:Infinity":137,"f:357:34:357:Infinity":49,"s:358:25:366:Infinity":138,"s:367:4:367:Infinity":139,"b:368:4:370:Infinity:undefined:undefined:undefined:undefined":57,"s:368:4:370:Infinity":140,"s:369:6:369:Infinity":141,"s:373:8:375:Infinity":142,"f:373:36:373:Infinity":50,"s:374:4:374:Infinity":143,"s:378:8:378:Infinity":144,"s:379:25:379:Infinity":145,"s:380:26:380:Infinity":146,"s:381:25:381:Infinity":147,"s:382:25:382:Infinity":148,"s:383:30:383:Infinity":149,"s:384:34:384:Infinity":150,"s:385:29:385:Infinity":151,"s:386:29:386:Infinity":152,"s:387:29:387:Infinity":153,"s:388:29:388:Infinity":154,"s:389:25:389:Infinity":155,"s:390:30:390:Infinity":156,"s:391:28:391:Infinity":157,"s:392:32:392:Infinity":158,"s:393:33:393:Infinity":159,"s:395:24:395:70":160,"f:395:24:395:25":51,"s:395:34:395:70":161,"b:395:34:395:52:395:52:395:60:395:60:395:70":58,"s:397:22:397:Infinity":162,"s:398:2:645:Infinity":163,"b:403:21:403:37:403:37:403:Infinity":59,"b:407:7:407:Infinity:407:7:413:Infinity":60,"b:417:7:417:Infinity:417:8:419:Infinity":61,"b:433:71:433:84:433:84:433:Infinity":62,"b:433:19:433:42:433:42:433:71":63,"b:440:25:443:13:443:12:446:Infinity":64,"f:446:37:446:38":52,"s:446:48:446:Infinity":164,"b:452:25:455:13:455:12:462:Infinity":65,"f:460:30:460:31":53,"s:460:41:460:52":165,"b:469:25:472:13:472:12:480:Infinity":66,"f:478:30:478:31":54,"s:478:41:478:52":166,"f:480:37:480:38":55,"s:480:48:480:Infinity":167,"b:486:25:489:13:489:12:489:Infinity":67,"b:495:25:498:13:498:12:504:Infinity":68,"b:510:25:513:13:513:12:519:Infinity":69,"b:526:25:529:13:529:12:538:Infinity":70,"f:538:37:538:38":56,"s:538:48:538:Infinity":168,"b:544:25:547:13:547:12:556:Infinity":71,"f:556:37:556:38":57,"s:556:48:556:Infinity":169,"b:563:25:566:13:566:12:574:Infinity":72,"f:572:30:572:31":58,"s:572:41:572:Infinity":170,"f:574:37:574:38":59,"s:574:48:574:Infinity":171,"b:580:25:583:13:583:12:591:Infinity":73,"f:589:30:589:31":60,"s:589:41:589:Infinity":172,"f:591:37:591:38":61,"s:591:48:591:Infinity":173,"b:598:25:601:13:601:12:607:Infinity":74,"b:613:25:616:13:616:12:622:Infinity":75,"b:629:25:632:13:632:12:636:Infinity":76,"f:635:37:635:38":62,"s:635:48:635:65":174,"b:642:25:645:13:645:12:645:Infinity":77}}}
,"/home/frandev/Documentos/Proyecto-Asignatura-Web/frontend/src/views/LoginView.css": {"path":"/home/frandev/Documentos/Proyecto-Asignatura-Web/frontend/src/views/LoginView.css","statementMap":{},"fnMap":{},"branchMap":{},"s":{},"f":{},"b":{},"meta":{"lastBranch":0,"lastFunction":0,"lastStatement":0,"seen":{}}}
,"/home/frandev/Documentos/Proyecto-Asignatura-Web/frontend/src/views/LoginView.jsx": {"path":"/home/frandev/Documentos/Proyecto-Asignatura-Web/frontend/src/views/LoginView.jsx","statementMap":{"0":{"start":{"line":6,"column":25},"end":{"line":6,"column":null}},"1":{"start":{"line":7,"column":31},"end":{"line":7,"column":null}},"2":{"start":{"line":8,"column":25},"end":{"line":8,"column":null}},"3":{"start":{"line":10,"column":23},"end":{"line":26,"column":null}},"4":{"start":{"line":11,"column":4},"end":{"line":11,"column":null}},"5":{"start":{"line":13,"column":4},"end":{"line":16,"column":null}},"6":{"start":{"line":14,"column":6},"end":{"line":14,"column":null}},"7":{"start":{"line":15,"column":6},"end":{"line":15,"column":null}},"8":{"start":{"line":18,"column":21},"end":{"line":18,"column":null}},"9":{"start":{"line":20,"column":21},"end":{"line":23,"column":null}},"10":{"start":{"line":25,"column":4},"end":{"line":25,"column":null}},"11":{"start":{"line":28,"column":2},"end":{"line":62,"column":null}},"12":{"start":{"line":45,"column":31},"end":{"line":45,"column":null}},"13":{"start":{"line":56,"column":31},"end":{"line":56,"column":null}}},"fnMap":{"0":{"name":"LoginView","decl":{"start":{"line":5,"column":24},"end":{"line":5,"column":34}},"loc":{"start":{"line":5,"column":45},"end":{"line":69,"column":null}},"line":5},"1":{"name":"(anonymous_1)","decl":{"start":{"line":10,"column":23},"end":{"line":10,"column":24}},"loc":{"start":{"line":10,"column":24},"end":{"line":26,"column":null}},"line":10},"2":{"name":"(anonymous_2)","decl":{"start":{"line":45,"column":24},"end":{"line":45,"column":25}},"loc":{"start":{"line":45,"column":31},"end":{"line":45,"column":null}},"line":45},"3":{"name":"(anonymous_3)","decl":{"start":{"line":56,"column":24},"end":{"line":56,"column":25}},"loc":{"start":{"line":56,"column":31},"end":{"line":56,"column":null}},"line":56}},"branchMap":{"0":{"loc":{"start":{"line":13,"column":4},"end":{"line":16,"column":null}},"type":"if","locations":[{"start":{"line":13,"column":4},"end":{"line":16,"column":null}},{"start":{},"end":{}}],"line":13},"1":{"loc":{"start":{"line":13,"column":8},"end":{"line":13,"column":29}},"type":"binary-expr","locations":[{"start":{"line":13,"column":8},"end":{"line":13,"column":18}},{"start":{"line":13,"column":18},"end":{"line":13,"column":29}}],"line":13},"2":{"loc":{"start":{"line":18,"column":21},"end":{"line":18,"column":null}},"type":"cond-expr","locations":[{"start":{"line":18,"column":69},"end":{"line":18,"column":81}},{"start":{"line":18,"column":81},"end":{"line":18,"column":null}}],"line":18},"3":{"loc":{"start":{"line":60,"column":11},"end":{"line":60,"column":null}},"type":"binary-expr","locations":[{"start":{"line":60,"column":11},"end":{"line":60,"column":20}},{"start":{"line":60,"column":11},"end":{"line":60,"column":null}}],"line":60}},"s":{"0":26,"1":26,"2":26,"3":26,"4":9,"5":9,"6":3,"7":3,"8":6,"9":9,"10":9,"11":26,"12":7,"13":7},"f":{"0":26,"1":9,"2":7,"3":7},"b":{"0":[3,6],"1":[9,7],"2":[5,1],"3":[26,3]},"meta":{"lastBranch":4,"lastFunction":4,"lastStatement":14,"seen":{"f:5:24:5:34":0,"s:6:25:6:Infinity":0,"s:7:31:7:Infinity":1,"s:8:25:8:Infinity":2,"s:10:23:26:Infinity":3,"f:10:23:10:24":1,"s:11:4:11:Infinity":4,"b:13:4:16:Infinity:undefined:undefined:undefined:undefined":0,"s:13:4:16:Infinity":5,"b:13:8:13:18:13:18:13:29":1,"s:14:6:14:Infinity":6,"s:15:6:15:Infinity":7,"s:18:21:18:Infinity":8,"b:18:69:18:81:18:81:18:Infinity":2,"s:20:21:23:Infinity":9,"s:25:4:25:Infinity":10,"s:28:2:62:Infinity":11,"f:45:24:45:25":2,"s:45:31:45:Infinity":12,"f:56:24:56:25":3,"s:56:31:56:Infinity":13,"b:60:11:60:20:60:11:60:Infinity":3}}}
,"/home/frandev/Documentos/Proyecto-Asignatura-Web/frontend/src/views/dashboardMetricUtils.js": {"path":"/home/frandev/Documentos/Proyecto-Asignatura-Web/frontend/src/views/dashboardMetricUtils.js","statementMap":{"0":{"start":{"line":2,"column":2},"end":{"line":2,"column":null}},"1":{"start":{"line":2,"column":59},"end":{"line":2,"column":null}},"2":{"start":{"line":4,"column":2},"end":{"line":10,"column":null}},"3":{"start":{"line":5,"column":19},"end":{"line":5,"column":30}},"4":{"start":{"line":6,"column":4},"end":{"line":6,"column":null}},"5":{"start":{"line":6,"column":63},"end":{"line":6,"column":null}},"6":{"start":{"line":7,"column":4},"end":{"line":9,"column":null}},"7":{"start":{"line":8,"column":6},"end":{"line":8,"column":null}},"8":{"start":{"line":12,"column":2},"end":{"line":14,"column":null}},"9":{"start":{"line":13,"column":4},"end":{"line":13,"column":null}},"10":{"start":{"line":16,"column":2},"end":{"line":16,"column":null}}},"fnMap":{"0":{"name":"normalizeScalarMetric","decl":{"start":{"line":1,"column":16},"end":{"line":1,"column":37}},"loc":{"start":{"line":1,"column":45},"end":{"line":17,"column":null}},"line":1}},"branchMap":{"0":{"loc":{"start":{"line":2,"column":2},"end":{"line":2,"column":null}},"type":"if","locations":[{"start":{"line":2,"column":2},"end":{"line":2,"column":null}},{"start":{},"end":{}}],"line":2},"1":{"loc":{"start":{"line":2,"column":6},"end":{"line":2,"column":57}},"type":"binary-expr","locations":[{"start":{"line":2,"column":6},"end":{"line":2,"column":31}},{"start":{"line":2,"column":35},"end":{"line":2,"column":57}}],"line":2},"2":{"loc":{"start":{"line":4,"column":2},"end":{"line":10,"column":null}},"type":"if","locations":[{"start":{"line":4,"column":2},"end":{"line":10,"column":null}},{"start":{},"end":{}}],"line":4},"3":{"loc":{"start":{"line":4,"column":6},"end":{"line":4,"column":40}},"type":"binary-expr","locations":[{"start":{"line":4,"column":6},"end":{"line":4,"column":11}},{"start":{"line":4,"column":15},"end":{"line":4,"column":40}}],"line":4},"4":{"loc":{"start":{"line":6,"column":4},"end":{"line":6,"column":null}},"type":"if","locations":[{"start":{"line":6,"column":4},"end":{"line":6,"column":null}},{"start":{},"end":{}}],"line":6},"5":{"loc":{"start":{"line":6,"column":8},"end":{"line":6,"column":61}},"type":"binary-expr","locations":[{"start":{"line":6,"column":8},"end":{"line":6,"column":34}},{"start":{"line":6,"column":38},"end":{"line":6,"column":61}}],"line":6},"6":{"loc":{"start":{"line":7,"column":4},"end":{"line":9,"column":null}},"type":"if","locations":[{"start":{"line":7,"column":4},"end":{"line":9,"column":null}},{"start":{},"end":{}}],"line":7},"7":{"loc":{"start":{"line":7,"column":8},"end":{"line":7,"column":93}},"type":"binary-expr","locations":[{"start":{"line":7,"column":8},"end":{"line":7,"column":34}},{"start":{"line":7,"column":38},"end":{"line":7,"column":58}},{"start":{"line":7,"column":62},"end":{"line":7,"column":93}}],"line":7},"8":{"loc":{"start":{"line":12,"column":2},"end":{"line":14,"column":null}},"type":"if","locations":[{"start":{"line":12,"column":2},"end":{"line":14,"column":null}},{"start":{},"end":{}}],"line":12},"9":{"loc":{"start":{"line":12,"column":6},"end":{"line":12,"column":88}},"type":"binary-expr","locations":[{"start":{"line":12,"column":6},"end":{"line":12,"column":31}},{"start":{"line":12,"column":35},"end":{"line":12,"column":54}},{"start":{"line":12,"column":58},"end":{"line":12,"column":88}}],"line":12}},"s":{"0":32,"1":1,"2":31,"3":3,"4":3,"5":1,"6":2,"7":1,"8":29,"9":1,"10":28},"f":{"0":32},"b":{"0":[1,31],"1":[32,1],"2":[3,28],"3":[31,4],"4":[1,2],"5":[3,1],"6":[1,1],"7":[2,2,2],"8":[1,28],"9":[29,1,1]},"meta":{"lastBranch":10,"lastFunction":1,"lastStatement":11,"seen":{"f:1:16:1:37":0,"b:2:2:2:Infinity:undefined:undefined:undefined:undefined":0,"s:2:2:2:Infinity":0,"b:2:6:2:31:2:35:2:57":1,"s:2:59:2:Infinity":1,"b:4:2:10:Infinity:undefined:undefined:undefined:undefined":2,"s:4:2:10:Infinity":2,"b:4:6:4:11:4:15:4:40":3,"s:5:19:5:30":3,"b:6:4:6:Infinity:undefined:undefined:undefined:undefined":4,"s:6:4:6:Infinity":4,"b:6:8:6:34:6:38:6:61":5,"s:6:63:6:Infinity":5,"b:7:4:9:Infinity:undefined:undefined:undefined:undefined":6,"s:7:4:9:Infinity":6,"b:7:8:7:34:7:38:7:58:7:62:7:93":7,"s:8:6:8:Infinity":7,"b:12:2:14:Infinity:undefined:undefined:undefined:undefined":8,"s:12:2:14:Infinity":8,"b:12:6:12:31:12:35:12:54:12:58:12:88":9,"s:13:4:13:Infinity":9,"s:16:2:16:Infinity":10}}}
}
